   0  $accept : function_definition $end

   1  function_definition : decls

   2  list : stmt
   3       | list stmt
   4       | list ',' stmt

   5  stmt : expr ';'
   6       | expr '!'
   7       | expr tPRINT
   8       | tRETURN
   9       | tCONTINUE
  10       | tBREAK
  11       | '[' expr ']' '#' stmt
  12       | '[' expr ']' '?' stmt
  13       | '[' expr ']' '?' stmt ':' stmt
  14       | '[' ';' ';' ']' stmt
  15       | '[' ';' ';' exprs ']' stmt
  16       | '[' ';' exprs ';' exprs ']' stmt
  17       | '[' ';' exprs ';' ']' stmt
  18       | '[' varsfor ';' ';' ']' stmt
  19       | '[' varsfor ';' ';' exprs ']' stmt
  20       | '[' varsfor ';' exprs ';' ']' stmt
  21       | '[' varsfor ';' exprs ';' exprs ']' stmt
  22       | '[' exprs ';' exprs ';' exprs ']' stmt
  23       | block

  24  type : '#'
  25       | '%'
  26       | '$'
  27       | '!'
  28       | '<' type '>'

  29  block : '{' '}'
  30        | '{' list '}'
  31        | '{' varsblock '}'
  32        | '{' varsblock list '}'

  33  string : tSTRING
  34         | tSTRING string

  35  exprs : expr
  36        | exprs ',' expr

  37  expr : tINTEGER
  38       | string
  39       | tDOUBLE
  40       | '~' expr
  41       | '-' expr
  42       | '+' expr
  43       | '@'
  44       | lval '?'
  45       | expr '+' expr
  46       | expr '-' expr
  47       | expr '*' expr
  48       | expr '/' expr
  49       | expr '%' expr
  50       | expr '<' expr
  51       | expr '>' expr
  52       | expr '&' expr
  53       | expr '|' expr
  54       | expr tGE expr
  55       | expr tLE expr
  56       | expr tNE expr
  57       | expr tEQ expr
  58       | tIDENTIFIER '(' ')'
  59       | tIDENTIFIER '(' exprs ')'
  60       | '(' expr ')'
  61       | '[' expr ']'
  62       | lval
  63       | lval '=' expr

  64  vardecl : varblock ';'

  65  varsblock : vardecl
  66            | varsblock vardecl

  67  varsfor : varblock
  68          | varsfor ',' varblock

  69  varblock : type tIDENTIFIER
  70           | type tIDENTIFIER '!'
  71           | type tIDENTIFIER '?'
  72           | type tIDENTIFIER '=' expr
  73           | type tIDENTIFIER '?' '=' expr
  74           | type tIDENTIFIER '!' '=' expr

  75  var : type tIDENTIFIER
  76      | type tIDENTIFIER '=' expr
  77      | type tIDENTIFIER '!' '=' expr

  78  decls : decl
  79        | decls decl

  80  decl : var ';'
  81       | type tIDENTIFIER '?' '(' ')'
  82       | type tIDENTIFIER '!' '(' ')'
  83       | type tIDENTIFIER '!' '(' ')' block
  84       | type tIDENTIFIER '?' '(' ')' block
  85       | type tIDENTIFIER '!' '(' ')' '=' expr
  86       | type tIDENTIFIER '?' '(' ')' '=' expr
  87       | type tIDENTIFIER '!' '(' ')' '=' expr block
  88       | type tIDENTIFIER '?' '(' ')' '=' expr block
  89       | type tIDENTIFIER '!' '(' varsfor ')'
  90       | type tIDENTIFIER '?' '(' varsfor ')'
  91       | type tIDENTIFIER '!' '(' varsfor ')' block
  92       | type tIDENTIFIER '?' '(' varsfor ')' block
  93       | type tIDENTIFIER '!' '(' varsfor ')' '=' expr
  94       | type tIDENTIFIER '?' '(' varsfor ')' '=' expr
  95       | type tIDENTIFIER '!' '(' varsfor ')' '=' expr block
  96       | type tIDENTIFIER '?' '(' varsfor ')' '=' expr block
  97       | type tIDENTIFIER '(' ')'
  98       | type tIDENTIFIER '(' ')' block
  99       | type tIDENTIFIER '(' ')' '=' expr
 100       | type tIDENTIFIER '(' ')' '=' expr block
 101       | type tIDENTIFIER '(' varsfor ')'
 102       | type tIDENTIFIER '(' varsfor ')' block
 103       | type tIDENTIFIER '(' varsfor ')' '=' expr
 104       | type tIDENTIFIER '(' varsfor ')' '=' expr block

 105  lval : tIDENTIFIER
 106       | expr '[' expr ']'
 107       | '(' expr ')' '[' expr ']'

state 0
	$accept : . function_definition $end  (0)

	'<'  shift 1
	'%'  shift 2
	'!'  shift 3
	'#'  shift 4
	'$'  shift 5
	.  error

	function_definition  goto 6
	decl  goto 7
	decls  goto 8
	var  goto 9
	type  goto 10


state 1
	type : '<' . type '>'  (28)

	'<'  shift 1
	'%'  shift 2
	'!'  shift 3
	'#'  shift 4
	'$'  shift 5
	.  error

	type  goto 11


state 2
	type : '%' .  (25)

	.  reduce 25


state 3
	type : '!' .  (27)

	.  reduce 27


state 4
	type : '#' .  (24)

	.  reduce 24


state 5
	type : '$' .  (26)

	.  reduce 26


state 6
	$accept : function_definition . $end  (0)

	$end  accept


state 7
	decls : decl .  (78)

	.  reduce 78


state 8
	function_definition : decls .  (1)
	decls : decls . decl  (79)

	'<'  shift 1
	'%'  shift 2
	'!'  shift 3
	'#'  shift 4
	'$'  shift 5
	$end  reduce 1

	decl  goto 12
	var  goto 9
	type  goto 10


state 9
	decl : var . ';'  (80)

	';'  shift 13
	.  error


state 10
	var : type . tIDENTIFIER  (75)
	var : type . tIDENTIFIER '=' expr  (76)
	var : type . tIDENTIFIER '!' '=' expr  (77)
	decl : type . tIDENTIFIER '?' '(' ')'  (81)
	decl : type . tIDENTIFIER '!' '(' ')'  (82)
	decl : type . tIDENTIFIER '!' '(' ')' block  (83)
	decl : type . tIDENTIFIER '?' '(' ')' block  (84)
	decl : type . tIDENTIFIER '!' '(' ')' '=' expr  (85)
	decl : type . tIDENTIFIER '?' '(' ')' '=' expr  (86)
	decl : type . tIDENTIFIER '!' '(' ')' '=' expr block  (87)
	decl : type . tIDENTIFIER '?' '(' ')' '=' expr block  (88)
	decl : type . tIDENTIFIER '!' '(' varsfor ')'  (89)
	decl : type . tIDENTIFIER '?' '(' varsfor ')'  (90)
	decl : type . tIDENTIFIER '!' '(' varsfor ')' block  (91)
	decl : type . tIDENTIFIER '?' '(' varsfor ')' block  (92)
	decl : type . tIDENTIFIER '!' '(' varsfor ')' '=' expr  (93)
	decl : type . tIDENTIFIER '?' '(' varsfor ')' '=' expr  (94)
	decl : type . tIDENTIFIER '!' '(' varsfor ')' '=' expr block  (95)
	decl : type . tIDENTIFIER '?' '(' varsfor ')' '=' expr block  (96)
	decl : type . tIDENTIFIER '(' ')'  (97)
	decl : type . tIDENTIFIER '(' ')' block  (98)
	decl : type . tIDENTIFIER '(' ')' '=' expr  (99)
	decl : type . tIDENTIFIER '(' ')' '=' expr block  (100)
	decl : type . tIDENTIFIER '(' varsfor ')'  (101)
	decl : type . tIDENTIFIER '(' varsfor ')' block  (102)
	decl : type . tIDENTIFIER '(' varsfor ')' '=' expr  (103)
	decl : type . tIDENTIFIER '(' varsfor ')' '=' expr block  (104)

	tIDENTIFIER  shift 14
	.  error


state 11
	type : '<' type . '>'  (28)

	'>'  shift 15
	.  error


state 12
	decls : decls decl .  (79)

	.  reduce 79


state 13
	decl : var ';' .  (80)

	.  reduce 80


state 14
	var : type tIDENTIFIER .  (75)
	var : type tIDENTIFIER . '=' expr  (76)
	var : type tIDENTIFIER . '!' '=' expr  (77)
	decl : type tIDENTIFIER . '?' '(' ')'  (81)
	decl : type tIDENTIFIER . '!' '(' ')'  (82)
	decl : type tIDENTIFIER . '!' '(' ')' block  (83)
	decl : type tIDENTIFIER . '?' '(' ')' block  (84)
	decl : type tIDENTIFIER . '!' '(' ')' '=' expr  (85)
	decl : type tIDENTIFIER . '?' '(' ')' '=' expr  (86)
	decl : type tIDENTIFIER . '!' '(' ')' '=' expr block  (87)
	decl : type tIDENTIFIER . '?' '(' ')' '=' expr block  (88)
	decl : type tIDENTIFIER . '!' '(' varsfor ')'  (89)
	decl : type tIDENTIFIER . '?' '(' varsfor ')'  (90)
	decl : type tIDENTIFIER . '!' '(' varsfor ')' block  (91)
	decl : type tIDENTIFIER . '?' '(' varsfor ')' block  (92)
	decl : type tIDENTIFIER . '!' '(' varsfor ')' '=' expr  (93)
	decl : type tIDENTIFIER . '?' '(' varsfor ')' '=' expr  (94)
	decl : type tIDENTIFIER . '!' '(' varsfor ')' '=' expr block  (95)
	decl : type tIDENTIFIER . '?' '(' varsfor ')' '=' expr block  (96)
	decl : type tIDENTIFIER . '(' ')'  (97)
	decl : type tIDENTIFIER . '(' ')' block  (98)
	decl : type tIDENTIFIER . '(' ')' '=' expr  (99)
	decl : type tIDENTIFIER . '(' ')' '=' expr block  (100)
	decl : type tIDENTIFIER . '(' varsfor ')'  (101)
	decl : type tIDENTIFIER . '(' varsfor ')' block  (102)
	decl : type tIDENTIFIER . '(' varsfor ')' '=' expr  (103)
	decl : type tIDENTIFIER . '(' varsfor ')' '=' expr block  (104)

	'='  shift 16
	'?'  shift 17
	'('  shift 18
	'!'  shift 19
	';'  reduce 75


state 15
	type : '<' type '>' .  (28)

	.  reduce 28


state 16
	var : type tIDENTIFIER '=' . expr  (76)

	tINTEGER  shift 20
	tDOUBLE  shift 21
	tIDENTIFIER  shift 22
	tSTRING  shift 23
	'~'  shift 24
	'+'  shift 25
	'-'  shift 26
	'('  shift 27
	'['  shift 28
	'@'  shift 29
	.  error

	string  goto 30
	expr  goto 31
	lval  goto 32


state 17
	decl : type tIDENTIFIER '?' . '(' ')'  (81)
	decl : type tIDENTIFIER '?' . '(' ')' block  (84)
	decl : type tIDENTIFIER '?' . '(' ')' '=' expr  (86)
	decl : type tIDENTIFIER '?' . '(' ')' '=' expr block  (88)
	decl : type tIDENTIFIER '?' . '(' varsfor ')'  (90)
	decl : type tIDENTIFIER '?' . '(' varsfor ')' block  (92)
	decl : type tIDENTIFIER '?' . '(' varsfor ')' '=' expr  (94)
	decl : type tIDENTIFIER '?' . '(' varsfor ')' '=' expr block  (96)

	'('  shift 33
	.  error


state 18
	decl : type tIDENTIFIER '(' . ')'  (97)
	decl : type tIDENTIFIER '(' . ')' block  (98)
	decl : type tIDENTIFIER '(' . ')' '=' expr  (99)
	decl : type tIDENTIFIER '(' . ')' '=' expr block  (100)
	decl : type tIDENTIFIER '(' . varsfor ')'  (101)
	decl : type tIDENTIFIER '(' . varsfor ')' block  (102)
	decl : type tIDENTIFIER '(' . varsfor ')' '=' expr  (103)
	decl : type tIDENTIFIER '(' . varsfor ')' '=' expr block  (104)

	'<'  shift 1
	'%'  shift 2
	')'  shift 34
	'!'  shift 3
	'#'  shift 4
	'$'  shift 5
	.  error

	varsfor  goto 35
	varblock  goto 36
	type  goto 37


state 19
	var : type tIDENTIFIER '!' . '=' expr  (77)
	decl : type tIDENTIFIER '!' . '(' ')'  (82)
	decl : type tIDENTIFIER '!' . '(' ')' block  (83)
	decl : type tIDENTIFIER '!' . '(' ')' '=' expr  (85)
	decl : type tIDENTIFIER '!' . '(' ')' '=' expr block  (87)
	decl : type tIDENTIFIER '!' . '(' varsfor ')'  (89)
	decl : type tIDENTIFIER '!' . '(' varsfor ')' block  (91)
	decl : type tIDENTIFIER '!' . '(' varsfor ')' '=' expr  (93)
	decl : type tIDENTIFIER '!' . '(' varsfor ')' '=' expr block  (95)

	'='  shift 38
	'('  shift 39
	.  error


state 20
	expr : tINTEGER .  (37)

	.  reduce 37


state 21
	expr : tDOUBLE .  (39)

	.  reduce 39


state 22
	expr : tIDENTIFIER . '(' ')'  (58)
	expr : tIDENTIFIER . '(' exprs ')'  (59)
	lval : tIDENTIFIER .  (105)

	'('  shift 40
	$end  reduce 105
	tPRINT  reduce 105
	'='  reduce 105
	'|'  reduce 105
	'&'  reduce 105
	tEQ  reduce 105
	tNE  reduce 105
	'<'  reduce 105
	'>'  reduce 105
	tGE  reduce 105
	tLE  reduce 105
	'+'  reduce 105
	'-'  reduce 105
	'*'  reduce 105
	'/'  reduce 105
	'%'  reduce 105
	'?'  reduce 105
	')'  reduce 105
	'['  reduce 105
	']'  reduce 105
	','  reduce 105
	';'  reduce 105
	'!'  reduce 105
	'#'  reduce 105
	'$'  reduce 105
	'{'  reduce 105


state 23
	string : tSTRING .  (33)
	string : tSTRING . string  (34)

	tSTRING  shift 23
	$end  reduce 33
	tPRINT  reduce 33
	'|'  reduce 33
	'&'  reduce 33
	tEQ  reduce 33
	tNE  reduce 33
	'<'  reduce 33
	'>'  reduce 33
	tGE  reduce 33
	tLE  reduce 33
	'+'  reduce 33
	'-'  reduce 33
	'*'  reduce 33
	'/'  reduce 33
	'%'  reduce 33
	')'  reduce 33
	'['  reduce 33
	']'  reduce 33
	','  reduce 33
	';'  reduce 33
	'!'  reduce 33
	'#'  reduce 33
	'$'  reduce 33
	'{'  reduce 33

	string  goto 41


state 24
	expr : '~' . expr  (40)

	tINTEGER  shift 20
	tDOUBLE  shift 21
	tIDENTIFIER  shift 22
	tSTRING  shift 23
	'~'  shift 24
	'+'  shift 25
	'-'  shift 26
	'('  shift 27
	'['  shift 28
	'@'  shift 29
	.  error

	string  goto 30
	expr  goto 42
	lval  goto 32


state 25
	expr : '+' . expr  (42)

	tINTEGER  shift 20
	tDOUBLE  shift 21
	tIDENTIFIER  shift 22
	tSTRING  shift 23
	'~'  shift 24
	'+'  shift 25
	'-'  shift 26
	'('  shift 27
	'['  shift 28
	'@'  shift 29
	.  error

	string  goto 30
	expr  goto 43
	lval  goto 32


state 26
	expr : '-' . expr  (41)

	tINTEGER  shift 20
	tDOUBLE  shift 21
	tIDENTIFIER  shift 22
	tSTRING  shift 23
	'~'  shift 24
	'+'  shift 25
	'-'  shift 26
	'('  shift 27
	'['  shift 28
	'@'  shift 29
	.  error

	string  goto 30
	expr  goto 44
	lval  goto 32


state 27
	expr : '(' . expr ')'  (60)
	lval : '(' . expr ')' '[' expr ']'  (107)

	tINTEGER  shift 20
	tDOUBLE  shift 21
	tIDENTIFIER  shift 22
	tSTRING  shift 23
	'~'  shift 24
	'+'  shift 25
	'-'  shift 26
	'('  shift 27
	'['  shift 28
	'@'  shift 29
	.  error

	string  goto 30
	expr  goto 45
	lval  goto 32


state 28
	expr : '[' . expr ']'  (61)

	tINTEGER  shift 20
	tDOUBLE  shift 21
	tIDENTIFIER  shift 22
	tSTRING  shift 23
	'~'  shift 24
	'+'  shift 25
	'-'  shift 26
	'('  shift 27
	'['  shift 28
	'@'  shift 29
	.  error

	string  goto 30
	expr  goto 46
	lval  goto 32


state 29
	expr : '@' .  (43)

	.  reduce 43


state 30
	expr : string .  (38)

	.  reduce 38


state 31
	expr : expr . '+' expr  (45)
	expr : expr . '-' expr  (46)
	expr : expr . '*' expr  (47)
	expr : expr . '/' expr  (48)
	expr : expr . '%' expr  (49)
	expr : expr . '<' expr  (50)
	expr : expr . '>' expr  (51)
	expr : expr . '&' expr  (52)
	expr : expr . '|' expr  (53)
	expr : expr . tGE expr  (54)
	expr : expr . tLE expr  (55)
	expr : expr . tNE expr  (56)
	expr : expr . tEQ expr  (57)
	var : type tIDENTIFIER '=' expr .  (76)
	lval : expr . '[' expr ']'  (106)

	'|'  shift 47
	'&'  shift 48
	tEQ  shift 49
	tNE  shift 50
	'<'  shift 51
	'>'  shift 52
	tGE  shift 53
	tLE  shift 54
	'+'  shift 55
	'-'  shift 56
	'*'  shift 57
	'/'  shift 58
	'%'  shift 59
	'['  shift 60
	';'  reduce 76


state 32
	expr : lval . '?'  (44)
	expr : lval .  (62)
	expr : lval . '=' expr  (63)

	'='  shift 61
	'?'  shift 62
	$end  reduce 62
	tPRINT  reduce 62
	'|'  reduce 62
	'&'  reduce 62
	tEQ  reduce 62
	tNE  reduce 62
	'<'  reduce 62
	'>'  reduce 62
	tGE  reduce 62
	tLE  reduce 62
	'+'  reduce 62
	'-'  reduce 62
	'*'  reduce 62
	'/'  reduce 62
	'%'  reduce 62
	')'  reduce 62
	'['  reduce 62
	']'  reduce 62
	','  reduce 62
	';'  reduce 62
	'!'  reduce 62
	'#'  reduce 62
	'$'  reduce 62
	'{'  reduce 62


state 33
	decl : type tIDENTIFIER '?' '(' . ')'  (81)
	decl : type tIDENTIFIER '?' '(' . ')' block  (84)
	decl : type tIDENTIFIER '?' '(' . ')' '=' expr  (86)
	decl : type tIDENTIFIER '?' '(' . ')' '=' expr block  (88)
	decl : type tIDENTIFIER '?' '(' . varsfor ')'  (90)
	decl : type tIDENTIFIER '?' '(' . varsfor ')' block  (92)
	decl : type tIDENTIFIER '?' '(' . varsfor ')' '=' expr  (94)
	decl : type tIDENTIFIER '?' '(' . varsfor ')' '=' expr block  (96)

	'<'  shift 1
	'%'  shift 2
	')'  shift 63
	'!'  shift 3
	'#'  shift 4
	'$'  shift 5
	.  error

	varsfor  goto 64
	varblock  goto 36
	type  goto 37


state 34
	decl : type tIDENTIFIER '(' ')' .  (97)
	decl : type tIDENTIFIER '(' ')' . block  (98)
	decl : type tIDENTIFIER '(' ')' . '=' expr  (99)
	decl : type tIDENTIFIER '(' ')' . '=' expr block  (100)

	'='  shift 65
	'{'  shift 66
	$end  reduce 97
	'<'  reduce 97
	'%'  reduce 97
	'!'  reduce 97
	'#'  reduce 97
	'$'  reduce 97

	block  goto 67


state 35
	varsfor : varsfor . ',' varblock  (68)
	decl : type tIDENTIFIER '(' varsfor . ')'  (101)
	decl : type tIDENTIFIER '(' varsfor . ')' block  (102)
	decl : type tIDENTIFIER '(' varsfor . ')' '=' expr  (103)
	decl : type tIDENTIFIER '(' varsfor . ')' '=' expr block  (104)

	')'  shift 68
	','  shift 69
	.  error


state 36
	varsfor : varblock .  (67)

	.  reduce 67


state 37
	varblock : type . tIDENTIFIER  (69)
	varblock : type . tIDENTIFIER '!'  (70)
	varblock : type . tIDENTIFIER '?'  (71)
	varblock : type . tIDENTIFIER '=' expr  (72)
	varblock : type . tIDENTIFIER '?' '=' expr  (73)
	varblock : type . tIDENTIFIER '!' '=' expr  (74)

	tIDENTIFIER  shift 70
	.  error


state 38
	var : type tIDENTIFIER '!' '=' . expr  (77)

	tINTEGER  shift 20
	tDOUBLE  shift 21
	tIDENTIFIER  shift 22
	tSTRING  shift 23
	'~'  shift 24
	'+'  shift 25
	'-'  shift 26
	'('  shift 27
	'['  shift 28
	'@'  shift 29
	.  error

	string  goto 30
	expr  goto 71
	lval  goto 32


state 39
	decl : type tIDENTIFIER '!' '(' . ')'  (82)
	decl : type tIDENTIFIER '!' '(' . ')' block  (83)
	decl : type tIDENTIFIER '!' '(' . ')' '=' expr  (85)
	decl : type tIDENTIFIER '!' '(' . ')' '=' expr block  (87)
	decl : type tIDENTIFIER '!' '(' . varsfor ')'  (89)
	decl : type tIDENTIFIER '!' '(' . varsfor ')' block  (91)
	decl : type tIDENTIFIER '!' '(' . varsfor ')' '=' expr  (93)
	decl : type tIDENTIFIER '!' '(' . varsfor ')' '=' expr block  (95)

	'<'  shift 1
	'%'  shift 2
	')'  shift 72
	'!'  shift 3
	'#'  shift 4
	'$'  shift 5
	.  error

	varsfor  goto 73
	varblock  goto 36
	type  goto 37


state 40
	expr : tIDENTIFIER '(' . ')'  (58)
	expr : tIDENTIFIER '(' . exprs ')'  (59)

	tINTEGER  shift 20
	tDOUBLE  shift 21
	tIDENTIFIER  shift 22
	tSTRING  shift 23
	'~'  shift 24
	'+'  shift 25
	'-'  shift 26
	'('  shift 27
	')'  shift 74
	'['  shift 28
	'@'  shift 29
	.  error

	string  goto 30
	exprs  goto 75
	expr  goto 76
	lval  goto 32


state 41
	string : tSTRING string .  (34)

	.  reduce 34


state 42
	expr : '~' expr .  (40)
	expr : expr . '+' expr  (45)
	expr : expr . '-' expr  (46)
	expr : expr . '*' expr  (47)
	expr : expr . '/' expr  (48)
	expr : expr . '%' expr  (49)
	expr : expr . '<' expr  (50)
	expr : expr . '>' expr  (51)
	expr : expr . '&' expr  (52)
	expr : expr . '|' expr  (53)
	expr : expr . tGE expr  (54)
	expr : expr . tLE expr  (55)
	expr : expr . tNE expr  (56)
	expr : expr . tEQ expr  (57)
	lval : expr . '[' expr ']'  (106)

	tEQ  shift 49
	tNE  shift 50
	'<'  shift 51
	'>'  shift 52
	tGE  shift 53
	tLE  shift 54
	'+'  shift 55
	'-'  shift 56
	'*'  shift 57
	'/'  shift 58
	'%'  shift 59
	'['  shift 60
	$end  reduce 40
	tPRINT  reduce 40
	'|'  reduce 40
	'&'  reduce 40
	')'  reduce 40
	']'  reduce 40
	','  reduce 40
	';'  reduce 40
	'!'  reduce 40
	'#'  reduce 40
	'$'  reduce 40
	'{'  reduce 40


state 43
	expr : '+' expr .  (42)
	expr : expr . '+' expr  (45)
	expr : expr . '-' expr  (46)
	expr : expr . '*' expr  (47)
	expr : expr . '/' expr  (48)
	expr : expr . '%' expr  (49)
	expr : expr . '<' expr  (50)
	expr : expr . '>' expr  (51)
	expr : expr . '&' expr  (52)
	expr : expr . '|' expr  (53)
	expr : expr . tGE expr  (54)
	expr : expr . tLE expr  (55)
	expr : expr . tNE expr  (56)
	expr : expr . tEQ expr  (57)
	lval : expr . '[' expr ']'  (106)

	'|'  shift 47
	'&'  shift 48
	tEQ  shift 49
	tNE  shift 50
	'<'  shift 51
	'>'  shift 52
	tGE  shift 53
	tLE  shift 54
	'+'  shift 55
	'-'  shift 56
	'*'  shift 57
	'/'  shift 58
	'%'  shift 59
	'['  shift 60
	$end  reduce 42
	tPRINT  reduce 42
	')'  reduce 42
	']'  reduce 42
	','  reduce 42
	';'  reduce 42
	'!'  reduce 42
	'#'  reduce 42
	'$'  reduce 42
	'{'  reduce 42


state 44
	expr : '-' expr .  (41)
	expr : expr . '+' expr  (45)
	expr : expr . '-' expr  (46)
	expr : expr . '*' expr  (47)
	expr : expr . '/' expr  (48)
	expr : expr . '%' expr  (49)
	expr : expr . '<' expr  (50)
	expr : expr . '>' expr  (51)
	expr : expr . '&' expr  (52)
	expr : expr . '|' expr  (53)
	expr : expr . tGE expr  (54)
	expr : expr . tLE expr  (55)
	expr : expr . tNE expr  (56)
	expr : expr . tEQ expr  (57)
	lval : expr . '[' expr ']'  (106)

	'|'  shift 47
	'&'  shift 48
	tEQ  shift 49
	tNE  shift 50
	'<'  shift 51
	'>'  shift 52
	tGE  shift 53
	tLE  shift 54
	'+'  shift 55
	'-'  shift 56
	'*'  shift 57
	'/'  shift 58
	'%'  shift 59
	'['  shift 60
	$end  reduce 41
	tPRINT  reduce 41
	')'  reduce 41
	']'  reduce 41
	','  reduce 41
	';'  reduce 41
	'!'  reduce 41
	'#'  reduce 41
	'$'  reduce 41
	'{'  reduce 41


state 45
	expr : expr . '+' expr  (45)
	expr : expr . '-' expr  (46)
	expr : expr . '*' expr  (47)
	expr : expr . '/' expr  (48)
	expr : expr . '%' expr  (49)
	expr : expr . '<' expr  (50)
	expr : expr . '>' expr  (51)
	expr : expr . '&' expr  (52)
	expr : expr . '|' expr  (53)
	expr : expr . tGE expr  (54)
	expr : expr . tLE expr  (55)
	expr : expr . tNE expr  (56)
	expr : expr . tEQ expr  (57)
	expr : '(' expr . ')'  (60)
	lval : expr . '[' expr ']'  (106)
	lval : '(' expr . ')' '[' expr ']'  (107)

	'|'  shift 47
	'&'  shift 48
	tEQ  shift 49
	tNE  shift 50
	'<'  shift 51
	'>'  shift 52
	tGE  shift 53
	tLE  shift 54
	'+'  shift 55
	'-'  shift 56
	'*'  shift 57
	'/'  shift 58
	'%'  shift 59
	')'  shift 77
	'['  shift 60
	.  error


state 46
	expr : expr . '+' expr  (45)
	expr : expr . '-' expr  (46)
	expr : expr . '*' expr  (47)
	expr : expr . '/' expr  (48)
	expr : expr . '%' expr  (49)
	expr : expr . '<' expr  (50)
	expr : expr . '>' expr  (51)
	expr : expr . '&' expr  (52)
	expr : expr . '|' expr  (53)
	expr : expr . tGE expr  (54)
	expr : expr . tLE expr  (55)
	expr : expr . tNE expr  (56)
	expr : expr . tEQ expr  (57)
	expr : '[' expr . ']'  (61)
	lval : expr . '[' expr ']'  (106)

	'|'  shift 47
	'&'  shift 48
	tEQ  shift 49
	tNE  shift 50
	'<'  shift 51
	'>'  shift 52
	tGE  shift 53
	tLE  shift 54
	'+'  shift 55
	'-'  shift 56
	'*'  shift 57
	'/'  shift 58
	'%'  shift 59
	'['  shift 60
	']'  shift 78
	.  error


state 47
	expr : expr '|' . expr  (53)

	tINTEGER  shift 20
	tDOUBLE  shift 21
	tIDENTIFIER  shift 22
	tSTRING  shift 23
	'~'  shift 24
	'+'  shift 25
	'-'  shift 26
	'('  shift 27
	'['  shift 28
	'@'  shift 29
	.  error

	string  goto 30
	expr  goto 79
	lval  goto 32


state 48
	expr : expr '&' . expr  (52)

	tINTEGER  shift 20
	tDOUBLE  shift 21
	tIDENTIFIER  shift 22
	tSTRING  shift 23
	'~'  shift 24
	'+'  shift 25
	'-'  shift 26
	'('  shift 27
	'['  shift 28
	'@'  shift 29
	.  error

	string  goto 30
	expr  goto 80
	lval  goto 32


state 49
	expr : expr tEQ . expr  (57)

	tINTEGER  shift 20
	tDOUBLE  shift 21
	tIDENTIFIER  shift 22
	tSTRING  shift 23
	'~'  shift 24
	'+'  shift 25
	'-'  shift 26
	'('  shift 27
	'['  shift 28
	'@'  shift 29
	.  error

	string  goto 30
	expr  goto 81
	lval  goto 32


state 50
	expr : expr tNE . expr  (56)

	tINTEGER  shift 20
	tDOUBLE  shift 21
	tIDENTIFIER  shift 22
	tSTRING  shift 23
	'~'  shift 24
	'+'  shift 25
	'-'  shift 26
	'('  shift 27
	'['  shift 28
	'@'  shift 29
	.  error

	string  goto 30
	expr  goto 82
	lval  goto 32


state 51
	expr : expr '<' . expr  (50)

	tINTEGER  shift 20
	tDOUBLE  shift 21
	tIDENTIFIER  shift 22
	tSTRING  shift 23
	'~'  shift 24
	'+'  shift 25
	'-'  shift 26
	'('  shift 27
	'['  shift 28
	'@'  shift 29
	.  error

	string  goto 30
	expr  goto 83
	lval  goto 32


state 52
	expr : expr '>' . expr  (51)

	tINTEGER  shift 20
	tDOUBLE  shift 21
	tIDENTIFIER  shift 22
	tSTRING  shift 23
	'~'  shift 24
	'+'  shift 25
	'-'  shift 26
	'('  shift 27
	'['  shift 28
	'@'  shift 29
	.  error

	string  goto 30
	expr  goto 84
	lval  goto 32


state 53
	expr : expr tGE . expr  (54)

	tINTEGER  shift 20
	tDOUBLE  shift 21
	tIDENTIFIER  shift 22
	tSTRING  shift 23
	'~'  shift 24
	'+'  shift 25
	'-'  shift 26
	'('  shift 27
	'['  shift 28
	'@'  shift 29
	.  error

	string  goto 30
	expr  goto 85
	lval  goto 32


state 54
	expr : expr tLE . expr  (55)

	tINTEGER  shift 20
	tDOUBLE  shift 21
	tIDENTIFIER  shift 22
	tSTRING  shift 23
	'~'  shift 24
	'+'  shift 25
	'-'  shift 26
	'('  shift 27
	'['  shift 28
	'@'  shift 29
	.  error

	string  goto 30
	expr  goto 86
	lval  goto 32


state 55
	expr : expr '+' . expr  (45)

	tINTEGER  shift 20
	tDOUBLE  shift 21
	tIDENTIFIER  shift 22
	tSTRING  shift 23
	'~'  shift 24
	'+'  shift 25
	'-'  shift 26
	'('  shift 27
	'['  shift 28
	'@'  shift 29
	.  error

	string  goto 30
	expr  goto 87
	lval  goto 32


state 56
	expr : expr '-' . expr  (46)

	tINTEGER  shift 20
	tDOUBLE  shift 21
	tIDENTIFIER  shift 22
	tSTRING  shift 23
	'~'  shift 24
	'+'  shift 25
	'-'  shift 26
	'('  shift 27
	'['  shift 28
	'@'  shift 29
	.  error

	string  goto 30
	expr  goto 88
	lval  goto 32


state 57
	expr : expr '*' . expr  (47)

	tINTEGER  shift 20
	tDOUBLE  shift 21
	tIDENTIFIER  shift 22
	tSTRING  shift 23
	'~'  shift 24
	'+'  shift 25
	'-'  shift 26
	'('  shift 27
	'['  shift 28
	'@'  shift 29
	.  error

	string  goto 30
	expr  goto 89
	lval  goto 32


state 58
	expr : expr '/' . expr  (48)

	tINTEGER  shift 20
	tDOUBLE  shift 21
	tIDENTIFIER  shift 22
	tSTRING  shift 23
	'~'  shift 24
	'+'  shift 25
	'-'  shift 26
	'('  shift 27
	'['  shift 28
	'@'  shift 29
	.  error

	string  goto 30
	expr  goto 90
	lval  goto 32


state 59
	expr : expr '%' . expr  (49)

	tINTEGER  shift 20
	tDOUBLE  shift 21
	tIDENTIFIER  shift 22
	tSTRING  shift 23
	'~'  shift 24
	'+'  shift 25
	'-'  shift 26
	'('  shift 27
	'['  shift 28
	'@'  shift 29
	.  error

	string  goto 30
	expr  goto 91
	lval  goto 32


state 60
	lval : expr '[' . expr ']'  (106)

	tINTEGER  shift 20
	tDOUBLE  shift 21
	tIDENTIFIER  shift 22
	tSTRING  shift 23
	'~'  shift 24
	'+'  shift 25
	'-'  shift 26
	'('  shift 27
	'['  shift 28
	'@'  shift 29
	.  error

	string  goto 30
	expr  goto 92
	lval  goto 32


state 61
	expr : lval '=' . expr  (63)

	tINTEGER  shift 20
	tDOUBLE  shift 21
	tIDENTIFIER  shift 22
	tSTRING  shift 23
	'~'  shift 24
	'+'  shift 25
	'-'  shift 26
	'('  shift 27
	'['  shift 28
	'@'  shift 29
	.  error

	string  goto 30
	expr  goto 93
	lval  goto 32


state 62
	expr : lval '?' .  (44)

	.  reduce 44


state 63
	decl : type tIDENTIFIER '?' '(' ')' .  (81)
	decl : type tIDENTIFIER '?' '(' ')' . block  (84)
	decl : type tIDENTIFIER '?' '(' ')' . '=' expr  (86)
	decl : type tIDENTIFIER '?' '(' ')' . '=' expr block  (88)

	'='  shift 94
	'{'  shift 66
	$end  reduce 81
	'<'  reduce 81
	'%'  reduce 81
	'!'  reduce 81
	'#'  reduce 81
	'$'  reduce 81

	block  goto 95


state 64
	varsfor : varsfor . ',' varblock  (68)
	decl : type tIDENTIFIER '?' '(' varsfor . ')'  (90)
	decl : type tIDENTIFIER '?' '(' varsfor . ')' block  (92)
	decl : type tIDENTIFIER '?' '(' varsfor . ')' '=' expr  (94)
	decl : type tIDENTIFIER '?' '(' varsfor . ')' '=' expr block  (96)

	')'  shift 96
	','  shift 69
	.  error


state 65
	decl : type tIDENTIFIER '(' ')' '=' . expr  (99)
	decl : type tIDENTIFIER '(' ')' '=' . expr block  (100)

	tINTEGER  shift 20
	tDOUBLE  shift 21
	tIDENTIFIER  shift 22
	tSTRING  shift 23
	'~'  shift 24
	'+'  shift 25
	'-'  shift 26
	'('  shift 27
	'['  shift 28
	'@'  shift 29
	.  error

	string  goto 30
	expr  goto 97
	lval  goto 32


state 66
	block : '{' . '}'  (29)
	block : '{' . list '}'  (30)
	block : '{' . varsblock '}'  (31)
	block : '{' . varsblock list '}'  (32)

	tINTEGER  shift 20
	tDOUBLE  shift 21
	tIDENTIFIER  shift 22
	tSTRING  shift 23
	tRETURN  shift 98
	tCONTINUE  shift 99
	tBREAK  shift 100
	'~'  shift 24
	'<'  shift 1
	'+'  shift 25
	'-'  shift 26
	'%'  shift 2
	'('  shift 27
	'['  shift 101
	'!'  shift 3
	'#'  shift 4
	'$'  shift 5
	'{'  shift 66
	'}'  shift 102
	'@'  shift 29
	.  error

	string  goto 30
	stmt  goto 103
	list  goto 104
	varsblock  goto 105
	expr  goto 106
	lval  goto 32
	vardecl  goto 107
	varblock  goto 108
	block  goto 109
	type  goto 37


state 67
	decl : type tIDENTIFIER '(' ')' block .  (98)

	.  reduce 98


state 68
	decl : type tIDENTIFIER '(' varsfor ')' .  (101)
	decl : type tIDENTIFIER '(' varsfor ')' . block  (102)
	decl : type tIDENTIFIER '(' varsfor ')' . '=' expr  (103)
	decl : type tIDENTIFIER '(' varsfor ')' . '=' expr block  (104)

	'='  shift 110
	'{'  shift 66
	$end  reduce 101
	'<'  reduce 101
	'%'  reduce 101
	'!'  reduce 101
	'#'  reduce 101
	'$'  reduce 101

	block  goto 111


state 69
	varsfor : varsfor ',' . varblock  (68)

	'<'  shift 1
	'%'  shift 2
	'!'  shift 3
	'#'  shift 4
	'$'  shift 5
	.  error

	varblock  goto 112
	type  goto 37


state 70
	varblock : type tIDENTIFIER .  (69)
	varblock : type tIDENTIFIER . '!'  (70)
	varblock : type tIDENTIFIER . '?'  (71)
	varblock : type tIDENTIFIER . '=' expr  (72)
	varblock : type tIDENTIFIER . '?' '=' expr  (73)
	varblock : type tIDENTIFIER . '!' '=' expr  (74)

	'='  shift 113
	'?'  shift 114
	'!'  shift 115
	')'  reduce 69
	','  reduce 69
	';'  reduce 69


state 71
	expr : expr . '+' expr  (45)
	expr : expr . '-' expr  (46)
	expr : expr . '*' expr  (47)
	expr : expr . '/' expr  (48)
	expr : expr . '%' expr  (49)
	expr : expr . '<' expr  (50)
	expr : expr . '>' expr  (51)
	expr : expr . '&' expr  (52)
	expr : expr . '|' expr  (53)
	expr : expr . tGE expr  (54)
	expr : expr . tLE expr  (55)
	expr : expr . tNE expr  (56)
	expr : expr . tEQ expr  (57)
	var : type tIDENTIFIER '!' '=' expr .  (77)
	lval : expr . '[' expr ']'  (106)

	'|'  shift 47
	'&'  shift 48
	tEQ  shift 49
	tNE  shift 50
	'<'  shift 51
	'>'  shift 52
	tGE  shift 53
	tLE  shift 54
	'+'  shift 55
	'-'  shift 56
	'*'  shift 57
	'/'  shift 58
	'%'  shift 59
	'['  shift 60
	';'  reduce 77


state 72
	decl : type tIDENTIFIER '!' '(' ')' .  (82)
	decl : type tIDENTIFIER '!' '(' ')' . block  (83)
	decl : type tIDENTIFIER '!' '(' ')' . '=' expr  (85)
	decl : type tIDENTIFIER '!' '(' ')' . '=' expr block  (87)

	'='  shift 116
	'{'  shift 66
	$end  reduce 82
	'<'  reduce 82
	'%'  reduce 82
	'!'  reduce 82
	'#'  reduce 82
	'$'  reduce 82

	block  goto 117


state 73
	varsfor : varsfor . ',' varblock  (68)
	decl : type tIDENTIFIER '!' '(' varsfor . ')'  (89)
	decl : type tIDENTIFIER '!' '(' varsfor . ')' block  (91)
	decl : type tIDENTIFIER '!' '(' varsfor . ')' '=' expr  (93)
	decl : type tIDENTIFIER '!' '(' varsfor . ')' '=' expr block  (95)

	')'  shift 118
	','  shift 69
	.  error


state 74
	expr : tIDENTIFIER '(' ')' .  (58)

	.  reduce 58


state 75
	exprs : exprs . ',' expr  (36)
	expr : tIDENTIFIER '(' exprs . ')'  (59)

	')'  shift 119
	','  shift 120
	.  error


state 76
	exprs : expr .  (35)
	expr : expr . '+' expr  (45)
	expr : expr . '-' expr  (46)
	expr : expr . '*' expr  (47)
	expr : expr . '/' expr  (48)
	expr : expr . '%' expr  (49)
	expr : expr . '<' expr  (50)
	expr : expr . '>' expr  (51)
	expr : expr . '&' expr  (52)
	expr : expr . '|' expr  (53)
	expr : expr . tGE expr  (54)
	expr : expr . tLE expr  (55)
	expr : expr . tNE expr  (56)
	expr : expr . tEQ expr  (57)
	lval : expr . '[' expr ']'  (106)

	'|'  shift 47
	'&'  shift 48
	tEQ  shift 49
	tNE  shift 50
	'<'  shift 51
	'>'  shift 52
	tGE  shift 53
	tLE  shift 54
	'+'  shift 55
	'-'  shift 56
	'*'  shift 57
	'/'  shift 58
	'%'  shift 59
	'['  shift 60
	')'  reduce 35
	']'  reduce 35
	','  reduce 35
	';'  reduce 35


state 77
	expr : '(' expr ')' .  (60)
	lval : '(' expr ')' . '[' expr ']'  (107)

	.  reduce 60


state 78
	expr : '[' expr ']' .  (61)

	.  reduce 61


state 79
	expr : expr . '+' expr  (45)
	expr : expr . '-' expr  (46)
	expr : expr . '*' expr  (47)
	expr : expr . '/' expr  (48)
	expr : expr . '%' expr  (49)
	expr : expr . '<' expr  (50)
	expr : expr . '>' expr  (51)
	expr : expr . '&' expr  (52)
	expr : expr . '|' expr  (53)
	expr : expr '|' expr .  (53)
	expr : expr . tGE expr  (54)
	expr : expr . tLE expr  (55)
	expr : expr . tNE expr  (56)
	expr : expr . tEQ expr  (57)
	lval : expr . '[' expr ']'  (106)

	'&'  shift 48
	tEQ  shift 49
	tNE  shift 50
	'<'  shift 51
	'>'  shift 52
	tGE  shift 53
	tLE  shift 54
	'+'  shift 55
	'-'  shift 56
	'*'  shift 57
	'/'  shift 58
	'%'  shift 59
	'['  shift 60
	$end  reduce 53
	tPRINT  reduce 53
	'|'  reduce 53
	')'  reduce 53
	']'  reduce 53
	','  reduce 53
	';'  reduce 53
	'!'  reduce 53
	'#'  reduce 53
	'$'  reduce 53
	'{'  reduce 53


state 80
	expr : expr . '+' expr  (45)
	expr : expr . '-' expr  (46)
	expr : expr . '*' expr  (47)
	expr : expr . '/' expr  (48)
	expr : expr . '%' expr  (49)
	expr : expr . '<' expr  (50)
	expr : expr . '>' expr  (51)
	expr : expr . '&' expr  (52)
	expr : expr '&' expr .  (52)
	expr : expr . '|' expr  (53)
	expr : expr . tGE expr  (54)
	expr : expr . tLE expr  (55)
	expr : expr . tNE expr  (56)
	expr : expr . tEQ expr  (57)
	lval : expr . '[' expr ']'  (106)

	tEQ  shift 49
	tNE  shift 50
	'<'  shift 51
	'>'  shift 52
	tGE  shift 53
	tLE  shift 54
	'+'  shift 55
	'-'  shift 56
	'*'  shift 57
	'/'  shift 58
	'%'  shift 59
	'['  shift 60
	$end  reduce 52
	tPRINT  reduce 52
	'|'  reduce 52
	'&'  reduce 52
	')'  reduce 52
	']'  reduce 52
	','  reduce 52
	';'  reduce 52
	'!'  reduce 52
	'#'  reduce 52
	'$'  reduce 52
	'{'  reduce 52


state 81
	expr : expr . '+' expr  (45)
	expr : expr . '-' expr  (46)
	expr : expr . '*' expr  (47)
	expr : expr . '/' expr  (48)
	expr : expr . '%' expr  (49)
	expr : expr . '<' expr  (50)
	expr : expr . '>' expr  (51)
	expr : expr . '&' expr  (52)
	expr : expr . '|' expr  (53)
	expr : expr . tGE expr  (54)
	expr : expr . tLE expr  (55)
	expr : expr . tNE expr  (56)
	expr : expr . tEQ expr  (57)
	expr : expr tEQ expr .  (57)
	lval : expr . '[' expr ']'  (106)

	'<'  shift 51
	'>'  shift 52
	tGE  shift 53
	tLE  shift 54
	'+'  shift 55
	'-'  shift 56
	'*'  shift 57
	'/'  shift 58
	'%'  shift 59
	'['  shift 60
	$end  reduce 57
	tPRINT  reduce 57
	'|'  reduce 57
	'&'  reduce 57
	tEQ  reduce 57
	tNE  reduce 57
	')'  reduce 57
	']'  reduce 57
	','  reduce 57
	';'  reduce 57
	'!'  reduce 57
	'#'  reduce 57
	'$'  reduce 57
	'{'  reduce 57


state 82
	expr : expr . '+' expr  (45)
	expr : expr . '-' expr  (46)
	expr : expr . '*' expr  (47)
	expr : expr . '/' expr  (48)
	expr : expr . '%' expr  (49)
	expr : expr . '<' expr  (50)
	expr : expr . '>' expr  (51)
	expr : expr . '&' expr  (52)
	expr : expr . '|' expr  (53)
	expr : expr . tGE expr  (54)
	expr : expr . tLE expr  (55)
	expr : expr . tNE expr  (56)
	expr : expr tNE expr .  (56)
	expr : expr . tEQ expr  (57)
	lval : expr . '[' expr ']'  (106)

	'<'  shift 51
	'>'  shift 52
	tGE  shift 53
	tLE  shift 54
	'+'  shift 55
	'-'  shift 56
	'*'  shift 57
	'/'  shift 58
	'%'  shift 59
	'['  shift 60
	$end  reduce 56
	tPRINT  reduce 56
	'|'  reduce 56
	'&'  reduce 56
	tEQ  reduce 56
	tNE  reduce 56
	')'  reduce 56
	']'  reduce 56
	','  reduce 56
	';'  reduce 56
	'!'  reduce 56
	'#'  reduce 56
	'$'  reduce 56
	'{'  reduce 56


state 83
	expr : expr . '+' expr  (45)
	expr : expr . '-' expr  (46)
	expr : expr . '*' expr  (47)
	expr : expr . '/' expr  (48)
	expr : expr . '%' expr  (49)
	expr : expr . '<' expr  (50)
	expr : expr '<' expr .  (50)
	expr : expr . '>' expr  (51)
	expr : expr . '&' expr  (52)
	expr : expr . '|' expr  (53)
	expr : expr . tGE expr  (54)
	expr : expr . tLE expr  (55)
	expr : expr . tNE expr  (56)
	expr : expr . tEQ expr  (57)
	lval : expr . '[' expr ']'  (106)

	'+'  shift 55
	'-'  shift 56
	'*'  shift 57
	'/'  shift 58
	'%'  shift 59
	'['  shift 60
	$end  reduce 50
	tPRINT  reduce 50
	'|'  reduce 50
	'&'  reduce 50
	tEQ  reduce 50
	tNE  reduce 50
	'<'  reduce 50
	'>'  reduce 50
	tGE  reduce 50
	tLE  reduce 50
	')'  reduce 50
	']'  reduce 50
	','  reduce 50
	';'  reduce 50
	'!'  reduce 50
	'#'  reduce 50
	'$'  reduce 50
	'{'  reduce 50


state 84
	expr : expr . '+' expr  (45)
	expr : expr . '-' expr  (46)
	expr : expr . '*' expr  (47)
	expr : expr . '/' expr  (48)
	expr : expr . '%' expr  (49)
	expr : expr . '<' expr  (50)
	expr : expr . '>' expr  (51)
	expr : expr '>' expr .  (51)
	expr : expr . '&' expr  (52)
	expr : expr . '|' expr  (53)
	expr : expr . tGE expr  (54)
	expr : expr . tLE expr  (55)
	expr : expr . tNE expr  (56)
	expr : expr . tEQ expr  (57)
	lval : expr . '[' expr ']'  (106)

	'+'  shift 55
	'-'  shift 56
	'*'  shift 57
	'/'  shift 58
	'%'  shift 59
	'['  shift 60
	$end  reduce 51
	tPRINT  reduce 51
	'|'  reduce 51
	'&'  reduce 51
	tEQ  reduce 51
	tNE  reduce 51
	'<'  reduce 51
	'>'  reduce 51
	tGE  reduce 51
	tLE  reduce 51
	')'  reduce 51
	']'  reduce 51
	','  reduce 51
	';'  reduce 51
	'!'  reduce 51
	'#'  reduce 51
	'$'  reduce 51
	'{'  reduce 51


state 85
	expr : expr . '+' expr  (45)
	expr : expr . '-' expr  (46)
	expr : expr . '*' expr  (47)
	expr : expr . '/' expr  (48)
	expr : expr . '%' expr  (49)
	expr : expr . '<' expr  (50)
	expr : expr . '>' expr  (51)
	expr : expr . '&' expr  (52)
	expr : expr . '|' expr  (53)
	expr : expr . tGE expr  (54)
	expr : expr tGE expr .  (54)
	expr : expr . tLE expr  (55)
	expr : expr . tNE expr  (56)
	expr : expr . tEQ expr  (57)
	lval : expr . '[' expr ']'  (106)

	'+'  shift 55
	'-'  shift 56
	'*'  shift 57
	'/'  shift 58
	'%'  shift 59
	'['  shift 60
	$end  reduce 54
	tPRINT  reduce 54
	'|'  reduce 54
	'&'  reduce 54
	tEQ  reduce 54
	tNE  reduce 54
	'<'  reduce 54
	'>'  reduce 54
	tGE  reduce 54
	tLE  reduce 54
	')'  reduce 54
	']'  reduce 54
	','  reduce 54
	';'  reduce 54
	'!'  reduce 54
	'#'  reduce 54
	'$'  reduce 54
	'{'  reduce 54


state 86
	expr : expr . '+' expr  (45)
	expr : expr . '-' expr  (46)
	expr : expr . '*' expr  (47)
	expr : expr . '/' expr  (48)
	expr : expr . '%' expr  (49)
	expr : expr . '<' expr  (50)
	expr : expr . '>' expr  (51)
	expr : expr . '&' expr  (52)
	expr : expr . '|' expr  (53)
	expr : expr . tGE expr  (54)
	expr : expr . tLE expr  (55)
	expr : expr tLE expr .  (55)
	expr : expr . tNE expr  (56)
	expr : expr . tEQ expr  (57)
	lval : expr . '[' expr ']'  (106)

	'+'  shift 55
	'-'  shift 56
	'*'  shift 57
	'/'  shift 58
	'%'  shift 59
	'['  shift 60
	$end  reduce 55
	tPRINT  reduce 55
	'|'  reduce 55
	'&'  reduce 55
	tEQ  reduce 55
	tNE  reduce 55
	'<'  reduce 55
	'>'  reduce 55
	tGE  reduce 55
	tLE  reduce 55
	')'  reduce 55
	']'  reduce 55
	','  reduce 55
	';'  reduce 55
	'!'  reduce 55
	'#'  reduce 55
	'$'  reduce 55
	'{'  reduce 55


state 87
	expr : expr . '+' expr  (45)
	expr : expr '+' expr .  (45)
	expr : expr . '-' expr  (46)
	expr : expr . '*' expr  (47)
	expr : expr . '/' expr  (48)
	expr : expr . '%' expr  (49)
	expr : expr . '<' expr  (50)
	expr : expr . '>' expr  (51)
	expr : expr . '&' expr  (52)
	expr : expr . '|' expr  (53)
	expr : expr . tGE expr  (54)
	expr : expr . tLE expr  (55)
	expr : expr . tNE expr  (56)
	expr : expr . tEQ expr  (57)
	lval : expr . '[' expr ']'  (106)

	'*'  shift 57
	'/'  shift 58
	'%'  shift 59
	'['  shift 60
	$end  reduce 45
	tPRINT  reduce 45
	'|'  reduce 45
	'&'  reduce 45
	tEQ  reduce 45
	tNE  reduce 45
	'<'  reduce 45
	'>'  reduce 45
	tGE  reduce 45
	tLE  reduce 45
	'+'  reduce 45
	'-'  reduce 45
	')'  reduce 45
	']'  reduce 45
	','  reduce 45
	';'  reduce 45
	'!'  reduce 45
	'#'  reduce 45
	'$'  reduce 45
	'{'  reduce 45


state 88
	expr : expr . '+' expr  (45)
	expr : expr . '-' expr  (46)
	expr : expr '-' expr .  (46)
	expr : expr . '*' expr  (47)
	expr : expr . '/' expr  (48)
	expr : expr . '%' expr  (49)
	expr : expr . '<' expr  (50)
	expr : expr . '>' expr  (51)
	expr : expr . '&' expr  (52)
	expr : expr . '|' expr  (53)
	expr : expr . tGE expr  (54)
	expr : expr . tLE expr  (55)
	expr : expr . tNE expr  (56)
	expr : expr . tEQ expr  (57)
	lval : expr . '[' expr ']'  (106)

	'*'  shift 57
	'/'  shift 58
	'%'  shift 59
	'['  shift 60
	$end  reduce 46
	tPRINT  reduce 46
	'|'  reduce 46
	'&'  reduce 46
	tEQ  reduce 46
	tNE  reduce 46
	'<'  reduce 46
	'>'  reduce 46
	tGE  reduce 46
	tLE  reduce 46
	'+'  reduce 46
	'-'  reduce 46
	')'  reduce 46
	']'  reduce 46
	','  reduce 46
	';'  reduce 46
	'!'  reduce 46
	'#'  reduce 46
	'$'  reduce 46
	'{'  reduce 46


state 89
	expr : expr . '+' expr  (45)
	expr : expr . '-' expr  (46)
	expr : expr . '*' expr  (47)
	expr : expr '*' expr .  (47)
	expr : expr . '/' expr  (48)
	expr : expr . '%' expr  (49)
	expr : expr . '<' expr  (50)
	expr : expr . '>' expr  (51)
	expr : expr . '&' expr  (52)
	expr : expr . '|' expr  (53)
	expr : expr . tGE expr  (54)
	expr : expr . tLE expr  (55)
	expr : expr . tNE expr  (56)
	expr : expr . tEQ expr  (57)
	lval : expr . '[' expr ']'  (106)

	'['  shift 60
	$end  reduce 47
	tPRINT  reduce 47
	'|'  reduce 47
	'&'  reduce 47
	tEQ  reduce 47
	tNE  reduce 47
	'<'  reduce 47
	'>'  reduce 47
	tGE  reduce 47
	tLE  reduce 47
	'+'  reduce 47
	'-'  reduce 47
	'*'  reduce 47
	'/'  reduce 47
	'%'  reduce 47
	')'  reduce 47
	']'  reduce 47
	','  reduce 47
	';'  reduce 47
	'!'  reduce 47
	'#'  reduce 47
	'$'  reduce 47
	'{'  reduce 47


state 90
	expr : expr . '+' expr  (45)
	expr : expr . '-' expr  (46)
	expr : expr . '*' expr  (47)
	expr : expr . '/' expr  (48)
	expr : expr '/' expr .  (48)
	expr : expr . '%' expr  (49)
	expr : expr . '<' expr  (50)
	expr : expr . '>' expr  (51)
	expr : expr . '&' expr  (52)
	expr : expr . '|' expr  (53)
	expr : expr . tGE expr  (54)
	expr : expr . tLE expr  (55)
	expr : expr . tNE expr  (56)
	expr : expr . tEQ expr  (57)
	lval : expr . '[' expr ']'  (106)

	'['  shift 60
	$end  reduce 48
	tPRINT  reduce 48
	'|'  reduce 48
	'&'  reduce 48
	tEQ  reduce 48
	tNE  reduce 48
	'<'  reduce 48
	'>'  reduce 48
	tGE  reduce 48
	tLE  reduce 48
	'+'  reduce 48
	'-'  reduce 48
	'*'  reduce 48
	'/'  reduce 48
	'%'  reduce 48
	')'  reduce 48
	']'  reduce 48
	','  reduce 48
	';'  reduce 48
	'!'  reduce 48
	'#'  reduce 48
	'$'  reduce 48
	'{'  reduce 48


state 91
	expr : expr . '+' expr  (45)
	expr : expr . '-' expr  (46)
	expr : expr . '*' expr  (47)
	expr : expr . '/' expr  (48)
	expr : expr . '%' expr  (49)
	expr : expr '%' expr .  (49)
	expr : expr . '<' expr  (50)
	expr : expr . '>' expr  (51)
	expr : expr . '&' expr  (52)
	expr : expr . '|' expr  (53)
	expr : expr . tGE expr  (54)
	expr : expr . tLE expr  (55)
	expr : expr . tNE expr  (56)
	expr : expr . tEQ expr  (57)
	lval : expr . '[' expr ']'  (106)

	'['  shift 60
	$end  reduce 49
	tPRINT  reduce 49
	'|'  reduce 49
	'&'  reduce 49
	tEQ  reduce 49
	tNE  reduce 49
	'<'  reduce 49
	'>'  reduce 49
	tGE  reduce 49
	tLE  reduce 49
	'+'  reduce 49
	'-'  reduce 49
	'*'  reduce 49
	'/'  reduce 49
	'%'  reduce 49
	')'  reduce 49
	']'  reduce 49
	','  reduce 49
	';'  reduce 49
	'!'  reduce 49
	'#'  reduce 49
	'$'  reduce 49
	'{'  reduce 49


state 92
	expr : expr . '+' expr  (45)
	expr : expr . '-' expr  (46)
	expr : expr . '*' expr  (47)
	expr : expr . '/' expr  (48)
	expr : expr . '%' expr  (49)
	expr : expr . '<' expr  (50)
	expr : expr . '>' expr  (51)
	expr : expr . '&' expr  (52)
	expr : expr . '|' expr  (53)
	expr : expr . tGE expr  (54)
	expr : expr . tLE expr  (55)
	expr : expr . tNE expr  (56)
	expr : expr . tEQ expr  (57)
	lval : expr . '[' expr ']'  (106)
	lval : expr '[' expr . ']'  (106)

	'|'  shift 47
	'&'  shift 48
	tEQ  shift 49
	tNE  shift 50
	'<'  shift 51
	'>'  shift 52
	tGE  shift 53
	tLE  shift 54
	'+'  shift 55
	'-'  shift 56
	'*'  shift 57
	'/'  shift 58
	'%'  shift 59
	'['  shift 60
	']'  shift 122
	.  error


state 93
	expr : expr . '+' expr  (45)
	expr : expr . '-' expr  (46)
	expr : expr . '*' expr  (47)
	expr : expr . '/' expr  (48)
	expr : expr . '%' expr  (49)
	expr : expr . '<' expr  (50)
	expr : expr . '>' expr  (51)
	expr : expr . '&' expr  (52)
	expr : expr . '|' expr  (53)
	expr : expr . tGE expr  (54)
	expr : expr . tLE expr  (55)
	expr : expr . tNE expr  (56)
	expr : expr . tEQ expr  (57)
	expr : lval '=' expr .  (63)
	lval : expr . '[' expr ']'  (106)

	'|'  shift 47
	'&'  shift 48
	tEQ  shift 49
	tNE  shift 50
	'<'  shift 51
	'>'  shift 52
	tGE  shift 53
	tLE  shift 54
	'+'  shift 55
	'-'  shift 56
	'*'  shift 57
	'/'  shift 58
	'%'  shift 59
	'['  shift 60
	$end  reduce 63
	tPRINT  reduce 63
	')'  reduce 63
	']'  reduce 63
	','  reduce 63
	';'  reduce 63
	'!'  reduce 63
	'#'  reduce 63
	'$'  reduce 63
	'{'  reduce 63


state 94
	decl : type tIDENTIFIER '?' '(' ')' '=' . expr  (86)
	decl : type tIDENTIFIER '?' '(' ')' '=' . expr block  (88)

	tINTEGER  shift 20
	tDOUBLE  shift 21
	tIDENTIFIER  shift 22
	tSTRING  shift 23
	'~'  shift 24
	'+'  shift 25
	'-'  shift 26
	'('  shift 27
	'['  shift 28
	'@'  shift 29
	.  error

	string  goto 30
	expr  goto 123
	lval  goto 32


state 95
	decl : type tIDENTIFIER '?' '(' ')' block .  (84)

	.  reduce 84


state 96
	decl : type tIDENTIFIER '?' '(' varsfor ')' .  (90)
	decl : type tIDENTIFIER '?' '(' varsfor ')' . block  (92)
	decl : type tIDENTIFIER '?' '(' varsfor ')' . '=' expr  (94)
	decl : type tIDENTIFIER '?' '(' varsfor ')' . '=' expr block  (96)

	'='  shift 124
	'{'  shift 66
	$end  reduce 90
	'<'  reduce 90
	'%'  reduce 90
	'!'  reduce 90
	'#'  reduce 90
	'$'  reduce 90

	block  goto 125


state 97
	expr : expr . '+' expr  (45)
	expr : expr . '-' expr  (46)
	expr : expr . '*' expr  (47)
	expr : expr . '/' expr  (48)
	expr : expr . '%' expr  (49)
	expr : expr . '<' expr  (50)
	expr : expr . '>' expr  (51)
	expr : expr . '&' expr  (52)
	expr : expr . '|' expr  (53)
	expr : expr . tGE expr  (54)
	expr : expr . tLE expr  (55)
	expr : expr . tNE expr  (56)
	expr : expr . tEQ expr  (57)
	decl : type tIDENTIFIER '(' ')' '=' expr .  (99)
	decl : type tIDENTIFIER '(' ')' '=' expr . block  (100)
	lval : expr . '[' expr ']'  (106)

	'|'  shift 47
	'&'  shift 48
	tEQ  shift 49
	tNE  shift 50
	'<'  shift 51
	'>'  shift 52
	tGE  shift 53
	tLE  shift 54
	'+'  shift 55
	'-'  shift 56
	'*'  shift 57
	'/'  shift 58
	'%'  shift 59
	'['  shift 60
	'{'  shift 66
	$end  reduce 99
	'!'  reduce 99
	'#'  reduce 99
	'$'  reduce 99

	block  goto 126


state 98
	stmt : tRETURN .  (8)

	.  reduce 8


state 99
	stmt : tCONTINUE .  (9)

	.  reduce 9


state 100
	stmt : tBREAK .  (10)

	.  reduce 10


state 101
	stmt : '[' . expr ']' '#' stmt  (11)
	stmt : '[' . expr ']' '?' stmt  (12)
	stmt : '[' . expr ']' '?' stmt ':' stmt  (13)
	stmt : '[' . ';' ';' ']' stmt  (14)
	stmt : '[' . ';' ';' exprs ']' stmt  (15)
	stmt : '[' . ';' exprs ';' exprs ']' stmt  (16)
	stmt : '[' . ';' exprs ';' ']' stmt  (17)
	stmt : '[' . varsfor ';' ';' ']' stmt  (18)
	stmt : '[' . varsfor ';' ';' exprs ']' stmt  (19)
	stmt : '[' . varsfor ';' exprs ';' ']' stmt  (20)
	stmt : '[' . varsfor ';' exprs ';' exprs ']' stmt  (21)
	stmt : '[' . exprs ';' exprs ';' exprs ']' stmt  (22)
	expr : '[' . expr ']'  (61)

	tINTEGER  shift 20
	tDOUBLE  shift 21
	tIDENTIFIER  shift 22
	tSTRING  shift 23
	'~'  shift 24
	'<'  shift 1
	'+'  shift 25
	'-'  shift 26
	'%'  shift 2
	'('  shift 27
	'['  shift 28
	';'  shift 127
	'!'  shift 3
	'#'  shift 4
	'$'  shift 5
	'@'  shift 29
	.  error

	string  goto 30
	exprs  goto 128
	varsfor  goto 129
	expr  goto 130
	lval  goto 32
	varblock  goto 36
	type  goto 37


state 102
	block : '{' '}' .  (29)

	.  reduce 29


state 103
	list : stmt .  (2)

	.  reduce 2


state 104
	list : list . stmt  (3)
	list : list . ',' stmt  (4)
	block : '{' list . '}'  (30)

	tINTEGER  shift 20
	tDOUBLE  shift 21
	tIDENTIFIER  shift 22
	tSTRING  shift 23
	tRETURN  shift 98
	tCONTINUE  shift 99
	tBREAK  shift 100
	'~'  shift 24
	'+'  shift 25
	'-'  shift 26
	'('  shift 27
	'['  shift 101
	','  shift 131
	'{'  shift 66
	'}'  shift 132
	'@'  shift 29
	.  error

	string  goto 30
	stmt  goto 133
	expr  goto 106
	lval  goto 32
	block  goto 109


state 105
	block : '{' varsblock . '}'  (31)
	block : '{' varsblock . list '}'  (32)
	varsblock : varsblock . vardecl  (66)

	tINTEGER  shift 20
	tDOUBLE  shift 21
	tIDENTIFIER  shift 22
	tSTRING  shift 23
	tRETURN  shift 98
	tCONTINUE  shift 99
	tBREAK  shift 100
	'~'  shift 24
	'<'  shift 1
	'+'  shift 25
	'-'  shift 26
	'%'  shift 2
	'('  shift 27
	'['  shift 101
	'!'  shift 3
	'#'  shift 4
	'$'  shift 5
	'{'  shift 66
	'}'  shift 134
	'@'  shift 29
	.  error

	string  goto 30
	stmt  goto 103
	list  goto 135
	expr  goto 106
	lval  goto 32
	vardecl  goto 136
	varblock  goto 108
	block  goto 109
	type  goto 37


state 106
	stmt : expr . ';'  (5)
	stmt : expr . '!'  (6)
	stmt : expr . tPRINT  (7)
	expr : expr . '+' expr  (45)
	expr : expr . '-' expr  (46)
	expr : expr . '*' expr  (47)
	expr : expr . '/' expr  (48)
	expr : expr . '%' expr  (49)
	expr : expr . '<' expr  (50)
	expr : expr . '>' expr  (51)
	expr : expr . '&' expr  (52)
	expr : expr . '|' expr  (53)
	expr : expr . tGE expr  (54)
	expr : expr . tLE expr  (55)
	expr : expr . tNE expr  (56)
	expr : expr . tEQ expr  (57)
	lval : expr . '[' expr ']'  (106)

	tPRINT  shift 137
	'|'  shift 47
	'&'  shift 48
	tEQ  shift 49
	tNE  shift 50
	'<'  shift 51
	'>'  shift 52
	tGE  shift 53
	tLE  shift 54
	'+'  shift 55
	'-'  shift 56
	'*'  shift 57
	'/'  shift 58
	'%'  shift 59
	'['  shift 60
	';'  shift 138
	'!'  shift 139
	.  error


state 107
	varsblock : vardecl .  (65)

	.  reduce 65


state 108
	vardecl : varblock . ';'  (64)

	';'  shift 140
	.  error


state 109
	stmt : block .  (23)

	.  reduce 23


state 110
	decl : type tIDENTIFIER '(' varsfor ')' '=' . expr  (103)
	decl : type tIDENTIFIER '(' varsfor ')' '=' . expr block  (104)

	tINTEGER  shift 20
	tDOUBLE  shift 21
	tIDENTIFIER  shift 22
	tSTRING  shift 23
	'~'  shift 24
	'+'  shift 25
	'-'  shift 26
	'('  shift 27
	'['  shift 28
	'@'  shift 29
	.  error

	string  goto 30
	expr  goto 141
	lval  goto 32


state 111
	decl : type tIDENTIFIER '(' varsfor ')' block .  (102)

	.  reduce 102


state 112
	varsfor : varsfor ',' varblock .  (68)

	.  reduce 68


state 113
	varblock : type tIDENTIFIER '=' . expr  (72)

	tINTEGER  shift 20
	tDOUBLE  shift 21
	tIDENTIFIER  shift 22
	tSTRING  shift 23
	'~'  shift 24
	'+'  shift 25
	'-'  shift 26
	'('  shift 27
	'['  shift 28
	'@'  shift 29
	.  error

	string  goto 30
	expr  goto 142
	lval  goto 32


state 114
	varblock : type tIDENTIFIER '?' .  (71)
	varblock : type tIDENTIFIER '?' . '=' expr  (73)

	'='  shift 143
	')'  reduce 71
	','  reduce 71
	';'  reduce 71


state 115
	varblock : type tIDENTIFIER '!' .  (70)
	varblock : type tIDENTIFIER '!' . '=' expr  (74)

	'='  shift 144
	')'  reduce 70
	','  reduce 70
	';'  reduce 70


state 116
	decl : type tIDENTIFIER '!' '(' ')' '=' . expr  (85)
	decl : type tIDENTIFIER '!' '(' ')' '=' . expr block  (87)

	tINTEGER  shift 20
	tDOUBLE  shift 21
	tIDENTIFIER  shift 22
	tSTRING  shift 23
	'~'  shift 24
	'+'  shift 25
	'-'  shift 26
	'('  shift 27
	'['  shift 28
	'@'  shift 29
	.  error

	string  goto 30
	expr  goto 145
	lval  goto 32


state 117
	decl : type tIDENTIFIER '!' '(' ')' block .  (83)

	.  reduce 83


state 118
	decl : type tIDENTIFIER '!' '(' varsfor ')' .  (89)
	decl : type tIDENTIFIER '!' '(' varsfor ')' . block  (91)
	decl : type tIDENTIFIER '!' '(' varsfor ')' . '=' expr  (93)
	decl : type tIDENTIFIER '!' '(' varsfor ')' . '=' expr block  (95)

	'='  shift 146
	'{'  shift 66
	$end  reduce 89
	'<'  reduce 89
	'%'  reduce 89
	'!'  reduce 89
	'#'  reduce 89
	'$'  reduce 89

	block  goto 147


state 119
	expr : tIDENTIFIER '(' exprs ')' .  (59)

	.  reduce 59


state 120
	exprs : exprs ',' . expr  (36)

	tINTEGER  shift 20
	tDOUBLE  shift 21
	tIDENTIFIER  shift 22
	tSTRING  shift 23
	'~'  shift 24
	'+'  shift 25
	'-'  shift 26
	'('  shift 27
	'['  shift 28
	'@'  shift 29
	.  error

	string  goto 30
	expr  goto 148
	lval  goto 32


state 121
	lval : '(' expr ')' '[' . expr ']'  (107)

	tINTEGER  shift 20
	tDOUBLE  shift 21
	tIDENTIFIER  shift 22
	tSTRING  shift 23
	'~'  shift 24
	'+'  shift 25
	'-'  shift 26
	'('  shift 27
	'['  shift 28
	'@'  shift 29
	.  error

	string  goto 30
	expr  goto 149
	lval  goto 32


state 122
	lval : expr '[' expr ']' .  (106)

	.  reduce 106


state 123
	expr : expr . '+' expr  (45)
	expr : expr . '-' expr  (46)
	expr : expr . '*' expr  (47)
	expr : expr . '/' expr  (48)
	expr : expr . '%' expr  (49)
	expr : expr . '<' expr  (50)
	expr : expr . '>' expr  (51)
	expr : expr . '&' expr  (52)
	expr : expr . '|' expr  (53)
	expr : expr . tGE expr  (54)
	expr : expr . tLE expr  (55)
	expr : expr . tNE expr  (56)
	expr : expr . tEQ expr  (57)
	decl : type tIDENTIFIER '?' '(' ')' '=' expr .  (86)
	decl : type tIDENTIFIER '?' '(' ')' '=' expr . block  (88)
	lval : expr . '[' expr ']'  (106)

	'|'  shift 47
	'&'  shift 48
	tEQ  shift 49
	tNE  shift 50
	'<'  shift 51
	'>'  shift 52
	tGE  shift 53
	tLE  shift 54
	'+'  shift 55
	'-'  shift 56
	'*'  shift 57
	'/'  shift 58
	'%'  shift 59
	'['  shift 60
	'{'  shift 66
	$end  reduce 86
	'!'  reduce 86
	'#'  reduce 86
	'$'  reduce 86

	block  goto 150


state 124
	decl : type tIDENTIFIER '?' '(' varsfor ')' '=' . expr  (94)
	decl : type tIDENTIFIER '?' '(' varsfor ')' '=' . expr block  (96)

	tINTEGER  shift 20
	tDOUBLE  shift 21
	tIDENTIFIER  shift 22
	tSTRING  shift 23
	'~'  shift 24
	'+'  shift 25
	'-'  shift 26
	'('  shift 27
	'['  shift 28
	'@'  shift 29
	.  error

	string  goto 30
	expr  goto 151
	lval  goto 32


state 125
	decl : type tIDENTIFIER '?' '(' varsfor ')' block .  (92)

	.  reduce 92


state 126
	decl : type tIDENTIFIER '(' ')' '=' expr block .  (100)

	.  reduce 100


state 127
	stmt : '[' ';' . ';' ']' stmt  (14)
	stmt : '[' ';' . ';' exprs ']' stmt  (15)
	stmt : '[' ';' . exprs ';' exprs ']' stmt  (16)
	stmt : '[' ';' . exprs ';' ']' stmt  (17)

	tINTEGER  shift 20
	tDOUBLE  shift 21
	tIDENTIFIER  shift 22
	tSTRING  shift 23
	'~'  shift 24
	'+'  shift 25
	'-'  shift 26
	'('  shift 27
	'['  shift 28
	';'  shift 152
	'@'  shift 29
	.  error

	string  goto 30
	exprs  goto 153
	expr  goto 76
	lval  goto 32


state 128
	stmt : '[' exprs . ';' exprs ';' exprs ']' stmt  (22)
	exprs : exprs . ',' expr  (36)

	','  shift 120
	';'  shift 154
	.  error


state 129
	stmt : '[' varsfor . ';' ';' ']' stmt  (18)
	stmt : '[' varsfor . ';' ';' exprs ']' stmt  (19)
	stmt : '[' varsfor . ';' exprs ';' ']' stmt  (20)
	stmt : '[' varsfor . ';' exprs ';' exprs ']' stmt  (21)
	varsfor : varsfor . ',' varblock  (68)

	','  shift 69
	';'  shift 155
	.  error


state 130
	stmt : '[' expr . ']' '#' stmt  (11)
	stmt : '[' expr . ']' '?' stmt  (12)
	stmt : '[' expr . ']' '?' stmt ':' stmt  (13)
	exprs : expr .  (35)
	expr : expr . '+' expr  (45)
	expr : expr . '-' expr  (46)
	expr : expr . '*' expr  (47)
	expr : expr . '/' expr  (48)
	expr : expr . '%' expr  (49)
	expr : expr . '<' expr  (50)
	expr : expr . '>' expr  (51)
	expr : expr . '&' expr  (52)
	expr : expr . '|' expr  (53)
	expr : expr . tGE expr  (54)
	expr : expr . tLE expr  (55)
	expr : expr . tNE expr  (56)
	expr : expr . tEQ expr  (57)
	expr : '[' expr . ']'  (61)
	lval : expr . '[' expr ']'  (106)

	'|'  shift 47
	'&'  shift 48
	tEQ  shift 49
	tNE  shift 50
	'<'  shift 51
	'>'  shift 52
	tGE  shift 53
	tLE  shift 54
	'+'  shift 55
	'-'  shift 56
	'*'  shift 57
	'/'  shift 58
	'%'  shift 59
	'['  shift 60
	']'  shift 156
	','  reduce 35
	';'  reduce 35


state 131
	list : list ',' . stmt  (4)

	tINTEGER  shift 20
	tDOUBLE  shift 21
	tIDENTIFIER  shift 22
	tSTRING  shift 23
	tRETURN  shift 98
	tCONTINUE  shift 99
	tBREAK  shift 100
	'~'  shift 24
	'+'  shift 25
	'-'  shift 26
	'('  shift 27
	'['  shift 101
	'{'  shift 66
	'@'  shift 29
	.  error

	string  goto 30
	stmt  goto 157
	expr  goto 106
	lval  goto 32
	block  goto 109


state 132
	block : '{' list '}' .  (30)

	.  reduce 30


state 133
	list : list stmt .  (3)

	.  reduce 3


state 134
	block : '{' varsblock '}' .  (31)

	.  reduce 31


state 135
	list : list . stmt  (3)
	list : list . ',' stmt  (4)
	block : '{' varsblock list . '}'  (32)

	tINTEGER  shift 20
	tDOUBLE  shift 21
	tIDENTIFIER  shift 22
	tSTRING  shift 23
	tRETURN  shift 98
	tCONTINUE  shift 99
	tBREAK  shift 100
	'~'  shift 24
	'+'  shift 25
	'-'  shift 26
	'('  shift 27
	'['  shift 101
	','  shift 131
	'{'  shift 66
	'}'  shift 158
	'@'  shift 29
	.  error

	string  goto 30
	stmt  goto 133
	expr  goto 106
	lval  goto 32
	block  goto 109


state 136
	varsblock : varsblock vardecl .  (66)

	.  reduce 66


state 137
	stmt : expr tPRINT .  (7)

	.  reduce 7


state 138
	stmt : expr ';' .  (5)

	.  reduce 5


state 139
	stmt : expr '!' .  (6)

	.  reduce 6


state 140
	vardecl : varblock ';' .  (64)

	.  reduce 64


state 141
	expr : expr . '+' expr  (45)
	expr : expr . '-' expr  (46)
	expr : expr . '*' expr  (47)
	expr : expr . '/' expr  (48)
	expr : expr . '%' expr  (49)
	expr : expr . '<' expr  (50)
	expr : expr . '>' expr  (51)
	expr : expr . '&' expr  (52)
	expr : expr . '|' expr  (53)
	expr : expr . tGE expr  (54)
	expr : expr . tLE expr  (55)
	expr : expr . tNE expr  (56)
	expr : expr . tEQ expr  (57)
	decl : type tIDENTIFIER '(' varsfor ')' '=' expr .  (103)
	decl : type tIDENTIFIER '(' varsfor ')' '=' expr . block  (104)
	lval : expr . '[' expr ']'  (106)

	'|'  shift 47
	'&'  shift 48
	tEQ  shift 49
	tNE  shift 50
	'<'  shift 51
	'>'  shift 52
	tGE  shift 53
	tLE  shift 54
	'+'  shift 55
	'-'  shift 56
	'*'  shift 57
	'/'  shift 58
	'%'  shift 59
	'['  shift 60
	'{'  shift 66
	$end  reduce 103
	'!'  reduce 103
	'#'  reduce 103
	'$'  reduce 103

	block  goto 159


state 142
	expr : expr . '+' expr  (45)
	expr : expr . '-' expr  (46)
	expr : expr . '*' expr  (47)
	expr : expr . '/' expr  (48)
	expr : expr . '%' expr  (49)
	expr : expr . '<' expr  (50)
	expr : expr . '>' expr  (51)
	expr : expr . '&' expr  (52)
	expr : expr . '|' expr  (53)
	expr : expr . tGE expr  (54)
	expr : expr . tLE expr  (55)
	expr : expr . tNE expr  (56)
	expr : expr . tEQ expr  (57)
	varblock : type tIDENTIFIER '=' expr .  (72)
	lval : expr . '[' expr ']'  (106)

	'|'  shift 47
	'&'  shift 48
	tEQ  shift 49
	tNE  shift 50
	'<'  shift 51
	'>'  shift 52
	tGE  shift 53
	tLE  shift 54
	'+'  shift 55
	'-'  shift 56
	'*'  shift 57
	'/'  shift 58
	'%'  shift 59
	'['  shift 60
	')'  reduce 72
	','  reduce 72
	';'  reduce 72


state 143
	varblock : type tIDENTIFIER '?' '=' . expr  (73)

	tINTEGER  shift 20
	tDOUBLE  shift 21
	tIDENTIFIER  shift 22
	tSTRING  shift 23
	'~'  shift 24
	'+'  shift 25
	'-'  shift 26
	'('  shift 27
	'['  shift 28
	'@'  shift 29
	.  error

	string  goto 30
	expr  goto 160
	lval  goto 32


state 144
	varblock : type tIDENTIFIER '!' '=' . expr  (74)

	tINTEGER  shift 20
	tDOUBLE  shift 21
	tIDENTIFIER  shift 22
	tSTRING  shift 23
	'~'  shift 24
	'+'  shift 25
	'-'  shift 26
	'('  shift 27
	'['  shift 28
	'@'  shift 29
	.  error

	string  goto 30
	expr  goto 161
	lval  goto 32


state 145
	expr : expr . '+' expr  (45)
	expr : expr . '-' expr  (46)
	expr : expr . '*' expr  (47)
	expr : expr . '/' expr  (48)
	expr : expr . '%' expr  (49)
	expr : expr . '<' expr  (50)
	expr : expr . '>' expr  (51)
	expr : expr . '&' expr  (52)
	expr : expr . '|' expr  (53)
	expr : expr . tGE expr  (54)
	expr : expr . tLE expr  (55)
	expr : expr . tNE expr  (56)
	expr : expr . tEQ expr  (57)
	decl : type tIDENTIFIER '!' '(' ')' '=' expr .  (85)
	decl : type tIDENTIFIER '!' '(' ')' '=' expr . block  (87)
	lval : expr . '[' expr ']'  (106)

	'|'  shift 47
	'&'  shift 48
	tEQ  shift 49
	tNE  shift 50
	'<'  shift 51
	'>'  shift 52
	tGE  shift 53
	tLE  shift 54
	'+'  shift 55
	'-'  shift 56
	'*'  shift 57
	'/'  shift 58
	'%'  shift 59
	'['  shift 60
	'{'  shift 66
	$end  reduce 85
	'!'  reduce 85
	'#'  reduce 85
	'$'  reduce 85

	block  goto 162


state 146
	decl : type tIDENTIFIER '!' '(' varsfor ')' '=' . expr  (93)
	decl : type tIDENTIFIER '!' '(' varsfor ')' '=' . expr block  (95)

	tINTEGER  shift 20
	tDOUBLE  shift 21
	tIDENTIFIER  shift 22
	tSTRING  shift 23
	'~'  shift 24
	'+'  shift 25
	'-'  shift 26
	'('  shift 27
	'['  shift 28
	'@'  shift 29
	.  error

	string  goto 30
	expr  goto 163
	lval  goto 32


state 147
	decl : type tIDENTIFIER '!' '(' varsfor ')' block .  (91)

	.  reduce 91


state 148
	exprs : exprs ',' expr .  (36)
	expr : expr . '+' expr  (45)
	expr : expr . '-' expr  (46)
	expr : expr . '*' expr  (47)
	expr : expr . '/' expr  (48)
	expr : expr . '%' expr  (49)
	expr : expr . '<' expr  (50)
	expr : expr . '>' expr  (51)
	expr : expr . '&' expr  (52)
	expr : expr . '|' expr  (53)
	expr : expr . tGE expr  (54)
	expr : expr . tLE expr  (55)
	expr : expr . tNE expr  (56)
	expr : expr . tEQ expr  (57)
	lval : expr . '[' expr ']'  (106)

	'|'  shift 47
	'&'  shift 48
	tEQ  shift 49
	tNE  shift 50
	'<'  shift 51
	'>'  shift 52
	tGE  shift 53
	tLE  shift 54
	'+'  shift 55
	'-'  shift 56
	'*'  shift 57
	'/'  shift 58
	'%'  shift 59
	'['  shift 60
	')'  reduce 36
	']'  reduce 36
	','  reduce 36
	';'  reduce 36


state 149
	expr : expr . '+' expr  (45)
	expr : expr . '-' expr  (46)
	expr : expr . '*' expr  (47)
	expr : expr . '/' expr  (48)
	expr : expr . '%' expr  (49)
	expr : expr . '<' expr  (50)
	expr : expr . '>' expr  (51)
	expr : expr . '&' expr  (52)
	expr : expr . '|' expr  (53)
	expr : expr . tGE expr  (54)
	expr : expr . tLE expr  (55)
	expr : expr . tNE expr  (56)
	expr : expr . tEQ expr  (57)
	lval : expr . '[' expr ']'  (106)
	lval : '(' expr ')' '[' expr . ']'  (107)

	'|'  shift 47
	'&'  shift 48
	tEQ  shift 49
	tNE  shift 50
	'<'  shift 51
	'>'  shift 52
	tGE  shift 53
	tLE  shift 54
	'+'  shift 55
	'-'  shift 56
	'*'  shift 57
	'/'  shift 58
	'%'  shift 59
	'['  shift 60
	']'  shift 164
	.  error


state 150
	decl : type tIDENTIFIER '?' '(' ')' '=' expr block .  (88)

	.  reduce 88


state 151
	expr : expr . '+' expr  (45)
	expr : expr . '-' expr  (46)
	expr : expr . '*' expr  (47)
	expr : expr . '/' expr  (48)
	expr : expr . '%' expr  (49)
	expr : expr . '<' expr  (50)
	expr : expr . '>' expr  (51)
	expr : expr . '&' expr  (52)
	expr : expr . '|' expr  (53)
	expr : expr . tGE expr  (54)
	expr : expr . tLE expr  (55)
	expr : expr . tNE expr  (56)
	expr : expr . tEQ expr  (57)
	decl : type tIDENTIFIER '?' '(' varsfor ')' '=' expr .  (94)
	decl : type tIDENTIFIER '?' '(' varsfor ')' '=' expr . block  (96)
	lval : expr . '[' expr ']'  (106)

	'|'  shift 47
	'&'  shift 48
	tEQ  shift 49
	tNE  shift 50
	'<'  shift 51
	'>'  shift 52
	tGE  shift 53
	tLE  shift 54
	'+'  shift 55
	'-'  shift 56
	'*'  shift 57
	'/'  shift 58
	'%'  shift 59
	'['  shift 60
	'{'  shift 66
	$end  reduce 94
	'!'  reduce 94
	'#'  reduce 94
	'$'  reduce 94

	block  goto 165


state 152
	stmt : '[' ';' ';' . ']' stmt  (14)
	stmt : '[' ';' ';' . exprs ']' stmt  (15)

	tINTEGER  shift 20
	tDOUBLE  shift 21
	tIDENTIFIER  shift 22
	tSTRING  shift 23
	'~'  shift 24
	'+'  shift 25
	'-'  shift 26
	'('  shift 27
	'['  shift 28
	']'  shift 166
	'@'  shift 29
	.  error

	string  goto 30
	exprs  goto 167
	expr  goto 76
	lval  goto 32


state 153
	stmt : '[' ';' exprs . ';' exprs ']' stmt  (16)
	stmt : '[' ';' exprs . ';' ']' stmt  (17)
	exprs : exprs . ',' expr  (36)

	','  shift 120
	';'  shift 168
	.  error


state 154
	stmt : '[' exprs ';' . exprs ';' exprs ']' stmt  (22)

	tINTEGER  shift 20
	tDOUBLE  shift 21
	tIDENTIFIER  shift 22
	tSTRING  shift 23
	'~'  shift 24
	'+'  shift 25
	'-'  shift 26
	'('  shift 27
	'['  shift 28
	'@'  shift 29
	.  error

	string  goto 30
	exprs  goto 169
	expr  goto 76
	lval  goto 32


state 155
	stmt : '[' varsfor ';' . ';' ']' stmt  (18)
	stmt : '[' varsfor ';' . ';' exprs ']' stmt  (19)
	stmt : '[' varsfor ';' . exprs ';' ']' stmt  (20)
	stmt : '[' varsfor ';' . exprs ';' exprs ']' stmt  (21)

	tINTEGER  shift 20
	tDOUBLE  shift 21
	tIDENTIFIER  shift 22
	tSTRING  shift 23
	'~'  shift 24
	'+'  shift 25
	'-'  shift 26
	'('  shift 27
	'['  shift 28
	';'  shift 170
	'@'  shift 29
	.  error

	string  goto 30
	exprs  goto 171
	expr  goto 76
	lval  goto 32


state 156
	stmt : '[' expr ']' . '#' stmt  (11)
	stmt : '[' expr ']' . '?' stmt  (12)
	stmt : '[' expr ']' . '?' stmt ':' stmt  (13)
	expr : '[' expr ']' .  (61)

	'?'  shift 172
	'#'  shift 173
	tPRINT  reduce 61
	'|'  reduce 61
	'&'  reduce 61
	tEQ  reduce 61
	tNE  reduce 61
	'<'  reduce 61
	'>'  reduce 61
	tGE  reduce 61
	tLE  reduce 61
	'+'  reduce 61
	'-'  reduce 61
	'*'  reduce 61
	'/'  reduce 61
	'%'  reduce 61
	'['  reduce 61
	';'  reduce 61
	'!'  reduce 61


state 157
	list : list ',' stmt .  (4)

	.  reduce 4


state 158
	block : '{' varsblock list '}' .  (32)

	.  reduce 32


state 159
	decl : type tIDENTIFIER '(' varsfor ')' '=' expr block .  (104)

	.  reduce 104


state 160
	expr : expr . '+' expr  (45)
	expr : expr . '-' expr  (46)
	expr : expr . '*' expr  (47)
	expr : expr . '/' expr  (48)
	expr : expr . '%' expr  (49)
	expr : expr . '<' expr  (50)
	expr : expr . '>' expr  (51)
	expr : expr . '&' expr  (52)
	expr : expr . '|' expr  (53)
	expr : expr . tGE expr  (54)
	expr : expr . tLE expr  (55)
	expr : expr . tNE expr  (56)
	expr : expr . tEQ expr  (57)
	varblock : type tIDENTIFIER '?' '=' expr .  (73)
	lval : expr . '[' expr ']'  (106)

	'|'  shift 47
	'&'  shift 48
	tEQ  shift 49
	tNE  shift 50
	'<'  shift 51
	'>'  shift 52
	tGE  shift 53
	tLE  shift 54
	'+'  shift 55
	'-'  shift 56
	'*'  shift 57
	'/'  shift 58
	'%'  shift 59
	'['  shift 60
	')'  reduce 73
	','  reduce 73
	';'  reduce 73


state 161
	expr : expr . '+' expr  (45)
	expr : expr . '-' expr  (46)
	expr : expr . '*' expr  (47)
	expr : expr . '/' expr  (48)
	expr : expr . '%' expr  (49)
	expr : expr . '<' expr  (50)
	expr : expr . '>' expr  (51)
	expr : expr . '&' expr  (52)
	expr : expr . '|' expr  (53)
	expr : expr . tGE expr  (54)
	expr : expr . tLE expr  (55)
	expr : expr . tNE expr  (56)
	expr : expr . tEQ expr  (57)
	varblock : type tIDENTIFIER '!' '=' expr .  (74)
	lval : expr . '[' expr ']'  (106)

	'|'  shift 47
	'&'  shift 48
	tEQ  shift 49
	tNE  shift 50
	'<'  shift 51
	'>'  shift 52
	tGE  shift 53
	tLE  shift 54
	'+'  shift 55
	'-'  shift 56
	'*'  shift 57
	'/'  shift 58
	'%'  shift 59
	'['  shift 60
	')'  reduce 74
	','  reduce 74
	';'  reduce 74


state 162
	decl : type tIDENTIFIER '!' '(' ')' '=' expr block .  (87)

	.  reduce 87


state 163
	expr : expr . '+' expr  (45)
	expr : expr . '-' expr  (46)
	expr : expr . '*' expr  (47)
	expr : expr . '/' expr  (48)
	expr : expr . '%' expr  (49)
	expr : expr . '<' expr  (50)
	expr : expr . '>' expr  (51)
	expr : expr . '&' expr  (52)
	expr : expr . '|' expr  (53)
	expr : expr . tGE expr  (54)
	expr : expr . tLE expr  (55)
	expr : expr . tNE expr  (56)
	expr : expr . tEQ expr  (57)
	decl : type tIDENTIFIER '!' '(' varsfor ')' '=' expr .  (93)
	decl : type tIDENTIFIER '!' '(' varsfor ')' '=' expr . block  (95)
	lval : expr . '[' expr ']'  (106)

	'|'  shift 47
	'&'  shift 48
	tEQ  shift 49
	tNE  shift 50
	'<'  shift 51
	'>'  shift 52
	tGE  shift 53
	tLE  shift 54
	'+'  shift 55
	'-'  shift 56
	'*'  shift 57
	'/'  shift 58
	'%'  shift 59
	'['  shift 60
	'{'  shift 66
	$end  reduce 93
	'!'  reduce 93
	'#'  reduce 93
	'$'  reduce 93

	block  goto 174


state 164
	lval : '(' expr ')' '[' expr ']' .  (107)

	.  reduce 107


state 165
	decl : type tIDENTIFIER '?' '(' varsfor ')' '=' expr block .  (96)

	.  reduce 96


state 166
	stmt : '[' ';' ';' ']' . stmt  (14)

	tINTEGER  shift 20
	tDOUBLE  shift 21
	tIDENTIFIER  shift 22
	tSTRING  shift 23
	tRETURN  shift 98
	tCONTINUE  shift 99
	tBREAK  shift 100
	'~'  shift 24
	'+'  shift 25
	'-'  shift 26
	'('  shift 27
	'['  shift 101
	'{'  shift 66
	'@'  shift 29
	.  error

	string  goto 30
	stmt  goto 175
	expr  goto 106
	lval  goto 32
	block  goto 109


state 167
	stmt : '[' ';' ';' exprs . ']' stmt  (15)
	exprs : exprs . ',' expr  (36)

	']'  shift 176
	','  shift 120
	.  error


state 168
	stmt : '[' ';' exprs ';' . exprs ']' stmt  (16)
	stmt : '[' ';' exprs ';' . ']' stmt  (17)

	tINTEGER  shift 20
	tDOUBLE  shift 21
	tIDENTIFIER  shift 22
	tSTRING  shift 23
	'~'  shift 24
	'+'  shift 25
	'-'  shift 26
	'('  shift 27
	'['  shift 28
	']'  shift 177
	'@'  shift 29
	.  error

	string  goto 30
	exprs  goto 178
	expr  goto 76
	lval  goto 32


state 169
	stmt : '[' exprs ';' exprs . ';' exprs ']' stmt  (22)
	exprs : exprs . ',' expr  (36)

	','  shift 120
	';'  shift 179
	.  error


state 170
	stmt : '[' varsfor ';' ';' . ']' stmt  (18)
	stmt : '[' varsfor ';' ';' . exprs ']' stmt  (19)

	tINTEGER  shift 20
	tDOUBLE  shift 21
	tIDENTIFIER  shift 22
	tSTRING  shift 23
	'~'  shift 24
	'+'  shift 25
	'-'  shift 26
	'('  shift 27
	'['  shift 28
	']'  shift 180
	'@'  shift 29
	.  error

	string  goto 30
	exprs  goto 181
	expr  goto 76
	lval  goto 32


state 171
	stmt : '[' varsfor ';' exprs . ';' ']' stmt  (20)
	stmt : '[' varsfor ';' exprs . ';' exprs ']' stmt  (21)
	exprs : exprs . ',' expr  (36)

	','  shift 120
	';'  shift 182
	.  error


state 172
	stmt : '[' expr ']' '?' . stmt  (12)
	stmt : '[' expr ']' '?' . stmt ':' stmt  (13)

	tINTEGER  shift 20
	tDOUBLE  shift 21
	tIDENTIFIER  shift 22
	tSTRING  shift 23
	tRETURN  shift 98
	tCONTINUE  shift 99
	tBREAK  shift 100
	'~'  shift 24
	'+'  shift 25
	'-'  shift 26
	'('  shift 27
	'['  shift 101
	'{'  shift 66
	'@'  shift 29
	.  error

	string  goto 30
	stmt  goto 183
	expr  goto 106
	lval  goto 32
	block  goto 109


state 173
	stmt : '[' expr ']' '#' . stmt  (11)

	tINTEGER  shift 20
	tDOUBLE  shift 21
	tIDENTIFIER  shift 22
	tSTRING  shift 23
	tRETURN  shift 98
	tCONTINUE  shift 99
	tBREAK  shift 100
	'~'  shift 24
	'+'  shift 25
	'-'  shift 26
	'('  shift 27
	'['  shift 101
	'{'  shift 66
	'@'  shift 29
	.  error

	string  goto 30
	stmt  goto 184
	expr  goto 106
	lval  goto 32
	block  goto 109


state 174
	decl : type tIDENTIFIER '!' '(' varsfor ')' '=' expr block .  (95)

	.  reduce 95


state 175
	stmt : '[' ';' ';' ']' stmt .  (14)

	.  reduce 14


state 176
	stmt : '[' ';' ';' exprs ']' . stmt  (15)

	tINTEGER  shift 20
	tDOUBLE  shift 21
	tIDENTIFIER  shift 22
	tSTRING  shift 23
	tRETURN  shift 98
	tCONTINUE  shift 99
	tBREAK  shift 100
	'~'  shift 24
	'+'  shift 25
	'-'  shift 26
	'('  shift 27
	'['  shift 101
	'{'  shift 66
	'@'  shift 29
	.  error

	string  goto 30
	stmt  goto 185
	expr  goto 106
	lval  goto 32
	block  goto 109


state 177
	stmt : '[' ';' exprs ';' ']' . stmt  (17)

	tINTEGER  shift 20
	tDOUBLE  shift 21
	tIDENTIFIER  shift 22
	tSTRING  shift 23
	tRETURN  shift 98
	tCONTINUE  shift 99
	tBREAK  shift 100
	'~'  shift 24
	'+'  shift 25
	'-'  shift 26
	'('  shift 27
	'['  shift 101
	'{'  shift 66
	'@'  shift 29
	.  error

	string  goto 30
	stmt  goto 186
	expr  goto 106
	lval  goto 32
	block  goto 109


state 178
	stmt : '[' ';' exprs ';' exprs . ']' stmt  (16)
	exprs : exprs . ',' expr  (36)

	']'  shift 187
	','  shift 120
	.  error


state 179
	stmt : '[' exprs ';' exprs ';' . exprs ']' stmt  (22)

	tINTEGER  shift 20
	tDOUBLE  shift 21
	tIDENTIFIER  shift 22
	tSTRING  shift 23
	'~'  shift 24
	'+'  shift 25
	'-'  shift 26
	'('  shift 27
	'['  shift 28
	'@'  shift 29
	.  error

	string  goto 30
	exprs  goto 188
	expr  goto 76
	lval  goto 32


state 180
	stmt : '[' varsfor ';' ';' ']' . stmt  (18)

	tINTEGER  shift 20
	tDOUBLE  shift 21
	tIDENTIFIER  shift 22
	tSTRING  shift 23
	tRETURN  shift 98
	tCONTINUE  shift 99
	tBREAK  shift 100
	'~'  shift 24
	'+'  shift 25
	'-'  shift 26
	'('  shift 27
	'['  shift 101
	'{'  shift 66
	'@'  shift 29
	.  error

	string  goto 30
	stmt  goto 189
	expr  goto 106
	lval  goto 32
	block  goto 109


state 181
	stmt : '[' varsfor ';' ';' exprs . ']' stmt  (19)
	exprs : exprs . ',' expr  (36)

	']'  shift 190
	','  shift 120
	.  error


state 182
	stmt : '[' varsfor ';' exprs ';' . ']' stmt  (20)
	stmt : '[' varsfor ';' exprs ';' . exprs ']' stmt  (21)

	tINTEGER  shift 20
	tDOUBLE  shift 21
	tIDENTIFIER  shift 22
	tSTRING  shift 23
	'~'  shift 24
	'+'  shift 25
	'-'  shift 26
	'('  shift 27
	'['  shift 28
	']'  shift 191
	'@'  shift 29
	.  error

	string  goto 30
	exprs  goto 192
	expr  goto 76
	lval  goto 32


state 183
	stmt : '[' expr ']' '?' stmt .  (12)
	stmt : '[' expr ']' '?' stmt . ':' stmt  (13)

	':'  shift 193
	tINTEGER  reduce 12
	tDOUBLE  reduce 12
	tIDENTIFIER  reduce 12
	tSTRING  reduce 12
	tRETURN  reduce 12
	tCONTINUE  reduce 12
	tBREAK  reduce 12
	'~'  reduce 12
	'+'  reduce 12
	'-'  reduce 12
	'('  reduce 12
	'['  reduce 12
	','  reduce 12
	'{'  reduce 12
	'}'  reduce 12
	'@'  reduce 12


state 184
	stmt : '[' expr ']' '#' stmt .  (11)

	.  reduce 11


state 185
	stmt : '[' ';' ';' exprs ']' stmt .  (15)

	.  reduce 15


state 186
	stmt : '[' ';' exprs ';' ']' stmt .  (17)

	.  reduce 17


state 187
	stmt : '[' ';' exprs ';' exprs ']' . stmt  (16)

	tINTEGER  shift 20
	tDOUBLE  shift 21
	tIDENTIFIER  shift 22
	tSTRING  shift 23
	tRETURN  shift 98
	tCONTINUE  shift 99
	tBREAK  shift 100
	'~'  shift 24
	'+'  shift 25
	'-'  shift 26
	'('  shift 27
	'['  shift 101
	'{'  shift 66
	'@'  shift 29
	.  error

	string  goto 30
	stmt  goto 194
	expr  goto 106
	lval  goto 32
	block  goto 109


state 188
	stmt : '[' exprs ';' exprs ';' exprs . ']' stmt  (22)
	exprs : exprs . ',' expr  (36)

	']'  shift 195
	','  shift 120
	.  error


state 189
	stmt : '[' varsfor ';' ';' ']' stmt .  (18)

	.  reduce 18


state 190
	stmt : '[' varsfor ';' ';' exprs ']' . stmt  (19)

	tINTEGER  shift 20
	tDOUBLE  shift 21
	tIDENTIFIER  shift 22
	tSTRING  shift 23
	tRETURN  shift 98
	tCONTINUE  shift 99
	tBREAK  shift 100
	'~'  shift 24
	'+'  shift 25
	'-'  shift 26
	'('  shift 27
	'['  shift 101
	'{'  shift 66
	'@'  shift 29
	.  error

	string  goto 30
	stmt  goto 196
	expr  goto 106
	lval  goto 32
	block  goto 109


state 191
	stmt : '[' varsfor ';' exprs ';' ']' . stmt  (20)

	tINTEGER  shift 20
	tDOUBLE  shift 21
	tIDENTIFIER  shift 22
	tSTRING  shift 23
	tRETURN  shift 98
	tCONTINUE  shift 99
	tBREAK  shift 100
	'~'  shift 24
	'+'  shift 25
	'-'  shift 26
	'('  shift 27
	'['  shift 101
	'{'  shift 66
	'@'  shift 29
	.  error

	string  goto 30
	stmt  goto 197
	expr  goto 106
	lval  goto 32
	block  goto 109


state 192
	stmt : '[' varsfor ';' exprs ';' exprs . ']' stmt  (21)
	exprs : exprs . ',' expr  (36)

	']'  shift 198
	','  shift 120
	.  error


state 193
	stmt : '[' expr ']' '?' stmt ':' . stmt  (13)

	tINTEGER  shift 20
	tDOUBLE  shift 21
	tIDENTIFIER  shift 22
	tSTRING  shift 23
	tRETURN  shift 98
	tCONTINUE  shift 99
	tBREAK  shift 100
	'~'  shift 24
	'+'  shift 25
	'-'  shift 26
	'('  shift 27
	'['  shift 101
	'{'  shift 66
	'@'  shift 29
	.  error

	string  goto 30
	stmt  goto 199
	expr  goto 106
	lval  goto 32
	block  goto 109


state 194
	stmt : '[' ';' exprs ';' exprs ']' stmt .  (16)

	.  reduce 16


state 195
	stmt : '[' exprs ';' exprs ';' exprs ']' . stmt  (22)

	tINTEGER  shift 20
	tDOUBLE  shift 21
	tIDENTIFIER  shift 22
	tSTRING  shift 23
	tRETURN  shift 98
	tCONTINUE  shift 99
	tBREAK  shift 100
	'~'  shift 24
	'+'  shift 25
	'-'  shift 26
	'('  shift 27
	'['  shift 101
	'{'  shift 66
	'@'  shift 29
	.  error

	string  goto 30
	stmt  goto 200
	expr  goto 106
	lval  goto 32
	block  goto 109


state 196
	stmt : '[' varsfor ';' ';' exprs ']' stmt .  (19)

	.  reduce 19


state 197
	stmt : '[' varsfor ';' exprs ';' ']' stmt .  (20)

	.  reduce 20


state 198
	stmt : '[' varsfor ';' exprs ';' exprs ']' . stmt  (21)

	tINTEGER  shift 20
	tDOUBLE  shift 21
	tIDENTIFIER  shift 22
	tSTRING  shift 23
	tRETURN  shift 98
	tCONTINUE  shift 99
	tBREAK  shift 100
	'~'  shift 24
	'+'  shift 25
	'-'  shift 26
	'('  shift 27
	'['  shift 101
	'{'  shift 66
	'@'  shift 29
	.  error

	string  goto 30
	stmt  goto 201
	expr  goto 106
	lval  goto 32
	block  goto 109


state 199
	stmt : '[' expr ']' '?' stmt ':' stmt .  (13)

	.  reduce 13


state 200
	stmt : '[' exprs ';' exprs ';' exprs ']' stmt .  (22)

	.  reduce 22


state 201
	stmt : '[' varsfor ';' exprs ';' exprs ']' stmt .  (21)

	.  reduce 21


44 terminals, 17 nonterminals
108 grammar rules, 202 states
